#-----------------------------------------------------------
# Vivado v2018.2 (64-bit)
# SW Build 2258646 on Thu Jun 14 20:03:12 MDT 2018
# IP Build 2256618 on Thu Jun 14 22:10:49 MDT 2018
# Start of session at: Fri Sep 30 16:24:20 2022
# Process ID: 9700
# Current directory: C:/Users/yanmi/OneDrive/Documents/Y2S1/EE2026/Lab/SoundDisplay
# Command line: vivado.exe -gui_launcher_event rodinguilauncherevent13512 C:\Users\yanmi\OneDrive\Documents\Y2S1\EE2026\Lab\SoundDisplay\SoundDisplay.xpr
# Log file: C:/Users/yanmi/OneDrive/Documents/Y2S1/EE2026/Lab/SoundDisplay/vivado.log
# Journal file: C:/Users/yanmi/OneDrive/Documents/Y2S1/EE2026/Lab/SoundDisplay\vivado.jou
#-----------------------------------------------------------
start_gui
open_project C:/Users/yanmi/OneDrive/Documents/Y2S1/EE2026/Lab/SoundDisplay/SoundDisplay.xpr
Scanning sources...
Finished scanning sources
INFO: [IP_Flow 19-234] Refreshing IP repositories
INFO: [IP_Flow 19-1704] No user IP repositories specified
INFO: [IP_Flow 19-2313] Loaded Vivado IP repository 'C:/Xilinx/Vivado/2018.2/data/ip'.
update_compile_order -fileset sources_1
update_compile_order -fileset sources_1
update_compile_order -fileset sources_1
synth_design -rtl -name rtl_1
Command: synth_design -rtl -name rtl_1
Starting synth_design
Using part: xc7a35tcpg236-1
Top: Audio_Capture
---------------------------------------------------------------------------------
Starting RTL Elaboration : Time (s): cpu = 00:00:02 ; elapsed = 00:00:01 . Memory (MB): peak = 1057.746 ; gain = 113.219
---------------------------------------------------------------------------------
INFO: [Synth 8-6157] synthesizing module 'Audio_Capture' [C:/Users/yanmi/OneDrive/Documents/Y2S1/EE2026/Lab/SoundDisplay/SoundDisplay.srcs/sources_1/new/Audio_Capture.v:25]
INFO: [Synth 8-6155] done synthesizing module 'Audio_Capture' (1#1) [C:/Users/yanmi/OneDrive/Documents/Y2S1/EE2026/Lab/SoundDisplay/SoundDisplay.srcs/sources_1/new/Audio_Capture.v:25]
---------------------------------------------------------------------------------
Finished RTL Elaboration : Time (s): cpu = 00:00:02 ; elapsed = 00:00:02 . Memory (MB): peak = 1100.465 ; gain = 155.938
---------------------------------------------------------------------------------

Report Check Netlist: 
+------+------------------+-------+---------+-------+------------------+
|      |Item              |Errors |Warnings |Status |Description       |
+------+------------------+-------+---------+-------+------------------+
|1     |multi_driven_nets |      0|        0|Passed |Multi driven nets |
+------+------------------+-------+---------+-------+------------------+
---------------------------------------------------------------------------------
Start Handling Custom Attributes
---------------------------------------------------------------------------------
---------------------------------------------------------------------------------
Finished Handling Custom Attributes : Time (s): cpu = 00:00:02 ; elapsed = 00:00:02 . Memory (MB): peak = 1100.465 ; gain = 155.938
---------------------------------------------------------------------------------
---------------------------------------------------------------------------------
Finished RTL Optimization Phase 1 : Time (s): cpu = 00:00:02 ; elapsed = 00:00:02 . Memory (MB): peak = 1100.465 ; gain = 155.938
---------------------------------------------------------------------------------
INFO: [Device 21-403] Loading part xc7a35tcpg236-1
INFO: [Project 1-570] Preparing netlist for logic optimization
INFO: [Opt 31-140] Inserted 1 IBUFs to IO ports without IO buffers.
INFO: [Opt 31-141] Inserted 1 OBUFs to IO ports without IO buffers.

Processing XDC Constraints
Initializing timing engine
Parsing XDC File [C:/Users/yanmi/OneDrive/Documents/Y2S1/EE2026/Lab/SoundDisplay/SoundDisplay.srcs/constrs_1/new/Basys3_Master.xdc]
WARNING: [Vivado 12-584] No ports matched 'sw[0]'. [C:/Users/yanmi/OneDrive/Documents/Y2S1/EE2026/Lab/SoundDisplay/SoundDisplay.srcs/constrs_1/new/Basys3_Master.xdc:12]
CRITICAL WARNING: [Common 17-55] 'set_property' expects at least one object. [C:/Users/yanmi/OneDrive/Documents/Y2S1/EE2026/Lab/SoundDisplay/SoundDisplay.srcs/constrs_1/new/Basys3_Master.xdc:12]
Resolution: If [get_<value>] was used to populate the object, check to make sure this command returns at least one valid object.
WARNING: [Vivado 12-584] No ports matched 'sw[0]'. [C:/Users/yanmi/OneDrive/Documents/Y2S1/EE2026/Lab/SoundDisplay/SoundDisplay.srcs/constrs_1/new/Basys3_Master.xdc:13]
CRITICAL WARNING: [Common 17-55] 'set_property' expects at least one object. [C:/Users/yanmi/OneDrive/Documents/Y2S1/EE2026/Lab/SoundDisplay/SoundDisplay.srcs/constrs_1/new/Basys3_Master.xdc:13]
Resolution: If [get_<value>] was used to populate the object, check to make sure this command returns at least one valid object.
WARNING: [Vivado 12-584] No ports matched 'led[0]'. [C:/Users/yanmi/OneDrive/Documents/Y2S1/EE2026/Lab/SoundDisplay/SoundDisplay.srcs/constrs_1/new/Basys3_Master.xdc:47]
CRITICAL WARNING: [Common 17-55] 'set_property' expects at least one object. [C:/Users/yanmi/OneDrive/Documents/Y2S1/EE2026/Lab/SoundDisplay/SoundDisplay.srcs/constrs_1/new/Basys3_Master.xdc:47]
Resolution: If [get_<value>] was used to populate the object, check to make sure this command returns at least one valid object.
WARNING: [Vivado 12-584] No ports matched 'led[0]'. [C:/Users/yanmi/OneDrive/Documents/Y2S1/EE2026/Lab/SoundDisplay/SoundDisplay.srcs/constrs_1/new/Basys3_Master.xdc:48]
CRITICAL WARNING: [Common 17-55] 'set_property' expects at least one object. [C:/Users/yanmi/OneDrive/Documents/Y2S1/EE2026/Lab/SoundDisplay/SoundDisplay.srcs/constrs_1/new/Basys3_Master.xdc:48]
Resolution: If [get_<value>] was used to populate the object, check to make sure this command returns at least one valid object.
WARNING: [Vivado 12-584] No ports matched 'led[1]'. [C:/Users/yanmi/OneDrive/Documents/Y2S1/EE2026/Lab/SoundDisplay/SoundDisplay.srcs/constrs_1/new/Basys3_Master.xdc:49]
CRITICAL WARNING: [Common 17-55] 'set_property' expects at least one object. [C:/Users/yanmi/OneDrive/Documents/Y2S1/EE2026/Lab/SoundDisplay/SoundDisplay.srcs/constrs_1/new/Basys3_Master.xdc:49]
Resolution: If [get_<value>] was used to populate the object, check to make sure this command returns at least one valid object.
WARNING: [Vivado 12-584] No ports matched 'led[1]'. [C:/Users/yanmi/OneDrive/Documents/Y2S1/EE2026/Lab/SoundDisplay/SoundDisplay.srcs/constrs_1/new/Basys3_Master.xdc:50]
CRITICAL WARNING: [Common 17-55] 'set_property' expects at least one object. [C:/Users/yanmi/OneDrive/Documents/Y2S1/EE2026/Lab/SoundDisplay/SoundDisplay.srcs/constrs_1/new/Basys3_Master.xdc:50]
Resolution: If [get_<value>] was used to populate the object, check to make sure this command returns at least one valid object.
WARNING: [Vivado 12-584] No ports matched 'led[2]'. [C:/Users/yanmi/OneDrive/Documents/Y2S1/EE2026/Lab/SoundDisplay/SoundDisplay.srcs/constrs_1/new/Basys3_Master.xdc:51]
CRITICAL WARNING: [Common 17-55] 'set_property' expects at least one object. [C:/Users/yanmi/OneDrive/Documents/Y2S1/EE2026/Lab/SoundDisplay/SoundDisplay.srcs/constrs_1/new/Basys3_Master.xdc:51]
Resolution: If [get_<value>] was used to populate the object, check to make sure this command returns at least one valid object.
WARNING: [Vivado 12-584] No ports matched 'led[2]'. [C:/Users/yanmi/OneDrive/Documents/Y2S1/EE2026/Lab/SoundDisplay/SoundDisplay.srcs/constrs_1/new/Basys3_Master.xdc:52]
CRITICAL WARNING: [Common 17-55] 'set_property' expects at least one object. [C:/Users/yanmi/OneDrive/Documents/Y2S1/EE2026/Lab/SoundDisplay/SoundDisplay.srcs/constrs_1/new/Basys3_Master.xdc:52]
Resolution: If [get_<value>] was used to populate the object, check to make sure this command returns at least one valid object.
WARNING: [Vivado 12-584] No ports matched 'led[3]'. [C:/Users/yanmi/OneDrive/Documents/Y2S1/EE2026/Lab/SoundDisplay/SoundDisplay.srcs/constrs_1/new/Basys3_Master.xdc:53]
CRITICAL WARNING: [Common 17-55] 'set_property' expects at least one object. [C:/Users/yanmi/OneDrive/Documents/Y2S1/EE2026/Lab/SoundDisplay/SoundDisplay.srcs/constrs_1/new/Basys3_Master.xdc:53]
Resolution: If [get_<value>] was used to populate the object, check to make sure this command returns at least one valid object.
WARNING: [Vivado 12-584] No ports matched 'led[3]'. [C:/Users/yanmi/OneDrive/Documents/Y2S1/EE2026/Lab/SoundDisplay/SoundDisplay.srcs/constrs_1/new/Basys3_Master.xdc:54]
CRITICAL WARNING: [Common 17-55] 'set_property' expects at least one object. [C:/Users/yanmi/OneDrive/Documents/Y2S1/EE2026/Lab/SoundDisplay/SoundDisplay.srcs/constrs_1/new/Basys3_Master.xdc:54]
Resolution: If [get_<value>] was used to populate the object, check to make sure this command returns at least one valid object.
WARNING: [Vivado 12-584] No ports matched 'led[4]'. [C:/Users/yanmi/OneDrive/Documents/Y2S1/EE2026/Lab/SoundDisplay/SoundDisplay.srcs/constrs_1/new/Basys3_Master.xdc:55]
CRITICAL WARNING: [Common 17-55] 'set_property' expects at least one object. [C:/Users/yanmi/OneDrive/Documents/Y2S1/EE2026/Lab/SoundDisplay/SoundDisplay.srcs/constrs_1/new/Basys3_Master.xdc:55]
Resolution: If [get_<value>] was used to populate the object, check to make sure this command returns at least one valid object.
WARNING: [Vivado 12-584] No ports matched 'led[4]'. [C:/Users/yanmi/OneDrive/Documents/Y2S1/EE2026/Lab/SoundDisplay/SoundDisplay.srcs/constrs_1/new/Basys3_Master.xdc:56]
CRITICAL WARNING: [Common 17-55] 'set_property' expects at least one object. [C:/Users/yanmi/OneDrive/Documents/Y2S1/EE2026/Lab/SoundDisplay/SoundDisplay.srcs/constrs_1/new/Basys3_Master.xdc:56]
Resolution: If [get_<value>] was used to populate the object, check to make sure this command returns at least one valid object.
WARNING: [Vivado 12-584] No ports matched 'led[5]'. [C:/Users/yanmi/OneDrive/Documents/Y2S1/EE2026/Lab/SoundDisplay/SoundDisplay.srcs/constrs_1/new/Basys3_Master.xdc:57]
CRITICAL WARNING: [Common 17-55] 'set_property' expects at least one object. [C:/Users/yanmi/OneDrive/Documents/Y2S1/EE2026/Lab/SoundDisplay/SoundDisplay.srcs/constrs_1/new/Basys3_Master.xdc:57]
Resolution: If [get_<value>] was used to populate the object, check to make sure this command returns at least one valid object.
WARNING: [Vivado 12-584] No ports matched 'led[5]'. [C:/Users/yanmi/OneDrive/Documents/Y2S1/EE2026/Lab/SoundDisplay/SoundDisplay.srcs/constrs_1/new/Basys3_Master.xdc:58]
CRITICAL WARNING: [Common 17-55] 'set_property' expects at least one object. [C:/Users/yanmi/OneDrive/Documents/Y2S1/EE2026/Lab/SoundDisplay/SoundDisplay.srcs/constrs_1/new/Basys3_Master.xdc:58]
Resolution: If [get_<value>] was used to populate the object, check to make sure this command returns at least one valid object.
WARNING: [Vivado 12-584] No ports matched 'led[6]'. [C:/Users/yanmi/OneDrive/Documents/Y2S1/EE2026/Lab/SoundDisplay/SoundDisplay.srcs/constrs_1/new/Basys3_Master.xdc:59]
CRITICAL WARNING: [Common 17-55] 'set_property' expects at least one object. [C:/Users/yanmi/OneDrive/Documents/Y2S1/EE2026/Lab/SoundDisplay/SoundDisplay.srcs/constrs_1/new/Basys3_Master.xdc:59]
Resolution: If [get_<value>] was used to populate the object, check to make sure this command returns at least one valid object.
WARNING: [Vivado 12-584] No ports matched 'led[6]'. [C:/Users/yanmi/OneDrive/Documents/Y2S1/EE2026/Lab/SoundDisplay/SoundDisplay.srcs/constrs_1/new/Basys3_Master.xdc:60]
CRITICAL WARNING: [Common 17-55] 'set_property' expects at least one object. [C:/Users/yanmi/OneDrive/Documents/Y2S1/EE2026/Lab/SoundDisplay/SoundDisplay.srcs/constrs_1/new/Basys3_Master.xdc:60]
Resolution: If [get_<value>] was used to populate the object, check to make sure this command returns at least one valid object.
WARNING: [Vivado 12-584] No ports matched 'led[7]'. [C:/Users/yanmi/OneDrive/Documents/Y2S1/EE2026/Lab/SoundDisplay/SoundDisplay.srcs/constrs_1/new/Basys3_Master.xdc:61]
CRITICAL WARNING: [Common 17-55] 'set_property' expects at least one object. [C:/Users/yanmi/OneDrive/Documents/Y2S1/EE2026/Lab/SoundDisplay/SoundDisplay.srcs/constrs_1/new/Basys3_Master.xdc:61]
Resolution: If [get_<value>] was used to populate the object, check to make sure this command returns at least one valid object.
WARNING: [Vivado 12-584] No ports matched 'led[7]'. [C:/Users/yanmi/OneDrive/Documents/Y2S1/EE2026/Lab/SoundDisplay/SoundDisplay.srcs/constrs_1/new/Basys3_Master.xdc:62]
CRITICAL WARNING: [Common 17-55] 'set_property' expects at least one object. [C:/Users/yanmi/OneDrive/Documents/Y2S1/EE2026/Lab/SoundDisplay/SoundDisplay.srcs/constrs_1/new/Basys3_Master.xdc:62]
Resolution: If [get_<value>] was used to populate the object, check to make sure this command returns at least one valid object.
WARNING: [Vivado 12-584] No ports matched 'led[8]'. [C:/Users/yanmi/OneDrive/Documents/Y2S1/EE2026/Lab/SoundDisplay/SoundDisplay.srcs/constrs_1/new/Basys3_Master.xdc:63]
CRITICAL WARNING: [Common 17-55] 'set_property' expects at least one object. [C:/Users/yanmi/OneDrive/Documents/Y2S1/EE2026/Lab/SoundDisplay/SoundDisplay.srcs/constrs_1/new/Basys3_Master.xdc:63]
Resolution: If [get_<value>] was used to populate the object, check to make sure this command returns at least one valid object.
WARNING: [Vivado 12-584] No ports matched 'led[8]'. [C:/Users/yanmi/OneDrive/Documents/Y2S1/EE2026/Lab/SoundDisplay/SoundDisplay.srcs/constrs_1/new/Basys3_Master.xdc:64]
CRITICAL WARNING: [Common 17-55] 'set_property' expects at least one object. [C:/Users/yanmi/OneDrive/Documents/Y2S1/EE2026/Lab/SoundDisplay/SoundDisplay.srcs/constrs_1/new/Basys3_Master.xdc:64]
Resolution: If [get_<value>] was used to populate the object, check to make sure this command returns at least one valid object.
WARNING: [Vivado 12-584] No ports matched 'led[9]'. [C:/Users/yanmi/OneDrive/Documents/Y2S1/EE2026/Lab/SoundDisplay/SoundDisplay.srcs/constrs_1/new/Basys3_Master.xdc:65]
CRITICAL WARNING: [Common 17-55] 'set_property' expects at least one object. [C:/Users/yanmi/OneDrive/Documents/Y2S1/EE2026/Lab/SoundDisplay/SoundDisplay.srcs/constrs_1/new/Basys3_Master.xdc:65]
Resolution: If [get_<value>] was used to populate the object, check to make sure this command returns at least one valid object.
WARNING: [Vivado 12-584] No ports matched 'led[9]'. [C:/Users/yanmi/OneDrive/Documents/Y2S1/EE2026/Lab/SoundDisplay/SoundDisplay.srcs/constrs_1/new/Basys3_Master.xdc:66]
CRITICAL WARNING: [Common 17-55] 'set_property' expects at least one object. [C:/Users/yanmi/OneDrive/Documents/Y2S1/EE2026/Lab/SoundDisplay/SoundDisplay.srcs/constrs_1/new/Basys3_Master.xdc:66]
Resolution: If [get_<value>] was used to populate the object, check to make sure this command returns at least one valid object.
WARNING: [Vivado 12-584] No ports matched 'led[10]'. [C:/Users/yanmi/OneDrive/Documents/Y2S1/EE2026/Lab/SoundDisplay/SoundDisplay.srcs/constrs_1/new/Basys3_Master.xdc:67]
CRITICAL WARNING: [Common 17-55] 'set_property' expects at least one object. [C:/Users/yanmi/OneDrive/Documents/Y2S1/EE2026/Lab/SoundDisplay/SoundDisplay.srcs/constrs_1/new/Basys3_Master.xdc:67]
Resolution: If [get_<value>] was used to populate the object, check to make sure this command returns at least one valid object.
WARNING: [Vivado 12-584] No ports matched 'led[10]'. [C:/Users/yanmi/OneDrive/Documents/Y2S1/EE2026/Lab/SoundDisplay/SoundDisplay.srcs/constrs_1/new/Basys3_Master.xdc:68]
CRITICAL WARNING: [Common 17-55] 'set_property' expects at least one object. [C:/Users/yanmi/OneDrive/Documents/Y2S1/EE2026/Lab/SoundDisplay/SoundDisplay.srcs/constrs_1/new/Basys3_Master.xdc:68]
Resolution: If [get_<value>] was used to populate the object, check to make sure this command returns at least one valid object.
WARNING: [Vivado 12-584] No ports matched 'led[11]'. [C:/Users/yanmi/OneDrive/Documents/Y2S1/EE2026/Lab/SoundDisplay/SoundDisplay.srcs/constrs_1/new/Basys3_Master.xdc:69]
CRITICAL WARNING: [Common 17-55] 'set_property' expects at least one object. [C:/Users/yanmi/OneDrive/Documents/Y2S1/EE2026/Lab/SoundDisplay/SoundDisplay.srcs/constrs_1/new/Basys3_Master.xdc:69]
Resolution: If [get_<value>] was used to populate the object, check to make sure this command returns at least one valid object.
WARNING: [Vivado 12-584] No ports matched 'led[11]'. [C:/Users/yanmi/OneDrive/Documents/Y2S1/EE2026/Lab/SoundDisplay/SoundDisplay.srcs/constrs_1/new/Basys3_Master.xdc:70]
CRITICAL WARNING: [Common 17-55] 'set_property' expects at least one object. [C:/Users/yanmi/OneDrive/Documents/Y2S1/EE2026/Lab/SoundDisplay/SoundDisplay.srcs/constrs_1/new/Basys3_Master.xdc:70]
Resolution: If [get_<value>] was used to populate the object, check to make sure this command returns at least one valid object.
WARNING: [Vivado 12-584] No ports matched 'led[12]'. [C:/Users/yanmi/OneDrive/Documents/Y2S1/EE2026/Lab/SoundDisplay/SoundDisplay.srcs/constrs_1/new/Basys3_Master.xdc:71]
CRITICAL WARNING: [Common 17-55] 'set_property' expects at least one object. [C:/Users/yanmi/OneDrive/Documents/Y2S1/EE2026/Lab/SoundDisplay/SoundDisplay.srcs/constrs_1/new/Basys3_Master.xdc:71]
Resolution: If [get_<value>] was used to populate the object, check to make sure this command returns at least one valid object.
WARNING: [Vivado 12-584] No ports matched 'led[12]'. [C:/Users/yanmi/OneDrive/Documents/Y2S1/EE2026/Lab/SoundDisplay/SoundDisplay.srcs/constrs_1/new/Basys3_Master.xdc:72]
CRITICAL WARNING: [Common 17-55] 'set_property' expects at least one object. [C:/Users/yanmi/OneDrive/Documents/Y2S1/EE2026/Lab/SoundDisplay/SoundDisplay.srcs/constrs_1/new/Basys3_Master.xdc:72]
Resolution: If [get_<value>] was used to populate the object, check to make sure this command returns at least one valid object.
WARNING: [Vivado 12-584] No ports matched 'btnC'. [C:/Users/yanmi/OneDrive/Documents/Y2S1/EE2026/Lab/SoundDisplay/SoundDisplay.srcs/constrs_1/new/Basys3_Master.xdc:111]
CRITICAL WARNING: [Common 17-55] 'set_property' expects at least one object. [C:/Users/yanmi/OneDrive/Documents/Y2S1/EE2026/Lab/SoundDisplay/SoundDisplay.srcs/constrs_1/new/Basys3_Master.xdc:111]
Resolution: If [get_<value>] was used to populate the object, check to make sure this command returns at least one valid object.
WARNING: [Vivado 12-584] No ports matched 'btnC'. [C:/Users/yanmi/OneDrive/Documents/Y2S1/EE2026/Lab/SoundDisplay/SoundDisplay.srcs/constrs_1/new/Basys3_Master.xdc:112]
CRITICAL WARNING: [Common 17-55] 'set_property' expects at least one object. [C:/Users/yanmi/OneDrive/Documents/Y2S1/EE2026/Lab/SoundDisplay/SoundDisplay.srcs/constrs_1/new/Basys3_Master.xdc:112]
Resolution: If [get_<value>] was used to populate the object, check to make sure this command returns at least one valid object.
WARNING: [Vivado 12-584] No ports matched 'JB0'. [C:/Users/yanmi/OneDrive/Documents/Y2S1/EE2026/Lab/SoundDisplay/SoundDisplay.srcs/constrs_1/new/Basys3_Master.xdc:154]
CRITICAL WARNING: [Common 17-55] 'set_property' expects at least one object. [C:/Users/yanmi/OneDrive/Documents/Y2S1/EE2026/Lab/SoundDisplay/SoundDisplay.srcs/constrs_1/new/Basys3_Master.xdc:154]
Resolution: If [get_<value>] was used to populate the object, check to make sure this command returns at least one valid object.
WARNING: [Vivado 12-584] No ports matched 'JB0'. [C:/Users/yanmi/OneDrive/Documents/Y2S1/EE2026/Lab/SoundDisplay/SoundDisplay.srcs/constrs_1/new/Basys3_Master.xdc:155]
CRITICAL WARNING: [Common 17-55] 'set_property' expects at least one object. [C:/Users/yanmi/OneDrive/Documents/Y2S1/EE2026/Lab/SoundDisplay/SoundDisplay.srcs/constrs_1/new/Basys3_Master.xdc:155]
Resolution: If [get_<value>] was used to populate the object, check to make sure this command returns at least one valid object.
WARNING: [Vivado 12-584] No ports matched 'JB2'. [C:/Users/yanmi/OneDrive/Documents/Y2S1/EE2026/Lab/SoundDisplay/SoundDisplay.srcs/constrs_1/new/Basys3_Master.xdc:160]
CRITICAL WARNING: [Common 17-55] 'set_property' expects at least one object. [C:/Users/yanmi/OneDrive/Documents/Y2S1/EE2026/Lab/SoundDisplay/SoundDisplay.srcs/constrs_1/new/Basys3_Master.xdc:160]
Resolution: If [get_<value>] was used to populate the object, check to make sure this command returns at least one valid object.
WARNING: [Vivado 12-584] No ports matched 'JB2'. [C:/Users/yanmi/OneDrive/Documents/Y2S1/EE2026/Lab/SoundDisplay/SoundDisplay.srcs/constrs_1/new/Basys3_Master.xdc:161]
CRITICAL WARNING: [Common 17-55] 'set_property' expects at least one object. [C:/Users/yanmi/OneDrive/Documents/Y2S1/EE2026/Lab/SoundDisplay/SoundDisplay.srcs/constrs_1/new/Basys3_Master.xdc:161]
Resolution: If [get_<value>] was used to populate the object, check to make sure this command returns at least one valid object.
WARNING: [Vivado 12-584] No ports matched 'JB3'. [C:/Users/yanmi/OneDrive/Documents/Y2S1/EE2026/Lab/SoundDisplay/SoundDisplay.srcs/constrs_1/new/Basys3_Master.xdc:163]
CRITICAL WARNING: [Common 17-55] 'set_property' expects at least one object. [C:/Users/yanmi/OneDrive/Documents/Y2S1/EE2026/Lab/SoundDisplay/SoundDisplay.srcs/constrs_1/new/Basys3_Master.xdc:163]
Resolution: If [get_<value>] was used to populate the object, check to make sure this command returns at least one valid object.
WARNING: [Vivado 12-584] No ports matched 'JB3'. [C:/Users/yanmi/OneDrive/Documents/Y2S1/EE2026/Lab/SoundDisplay/SoundDisplay.srcs/constrs_1/new/Basys3_Master.xdc:164]
CRITICAL WARNING: [Common 17-55] 'set_property' expects at least one object. [C:/Users/yanmi/OneDrive/Documents/Y2S1/EE2026/Lab/SoundDisplay/SoundDisplay.srcs/constrs_1/new/Basys3_Master.xdc:164]
Resolution: If [get_<value>] was used to populate the object, check to make sure this command returns at least one valid object.
WARNING: [Vivado 12-584] No ports matched 'JC[0]'. [C:/Users/yanmi/OneDrive/Documents/Y2S1/EE2026/Lab/SoundDisplay/SoundDisplay.srcs/constrs_1/new/Basys3_Master.xdc:182]
CRITICAL WARNING: [Common 17-55] 'set_property' expects at least one object. [C:/Users/yanmi/OneDrive/Documents/Y2S1/EE2026/Lab/SoundDisplay/SoundDisplay.srcs/constrs_1/new/Basys3_Master.xdc:182]
Resolution: If [get_<value>] was used to populate the object, check to make sure this command returns at least one valid object.
WARNING: [Vivado 12-584] No ports matched 'JC[0]'. [C:/Users/yanmi/OneDrive/Documents/Y2S1/EE2026/Lab/SoundDisplay/SoundDisplay.srcs/constrs_1/new/Basys3_Master.xdc:183]
CRITICAL WARNING: [Common 17-55] 'set_property' expects at least one object. [C:/Users/yanmi/OneDrive/Documents/Y2S1/EE2026/Lab/SoundDisplay/SoundDisplay.srcs/constrs_1/new/Basys3_Master.xdc:183]
Resolution: If [get_<value>] was used to populate the object, check to make sure this command returns at least one valid object.
WARNING: [Vivado 12-584] No ports matched 'JC[1]'. [C:/Users/yanmi/OneDrive/Documents/Y2S1/EE2026/Lab/SoundDisplay/SoundDisplay.srcs/constrs_1/new/Basys3_Master.xdc:185]
CRITICAL WARNING: [Common 17-55] 'set_property' expects at least one object. [C:/Users/yanmi/OneDrive/Documents/Y2S1/EE2026/Lab/SoundDisplay/SoundDisplay.srcs/constrs_1/new/Basys3_Master.xdc:185]
Resolution: If [get_<value>] was used to populate the object, check to make sure this command returns at least one valid object.
WARNING: [Vivado 12-584] No ports matched 'JC[1]'. [C:/Users/yanmi/OneDrive/Documents/Y2S1/EE2026/Lab/SoundDisplay/SoundDisplay.srcs/constrs_1/new/Basys3_Master.xdc:186]
CRITICAL WARNING: [Common 17-55] 'set_property' expects at least one object. [C:/Users/yanmi/OneDrive/Documents/Y2S1/EE2026/Lab/SoundDisplay/SoundDisplay.srcs/constrs_1/new/Basys3_Master.xdc:186]
Resolution: If [get_<value>] was used to populate the object, check to make sure this command returns at least one valid object.
WARNING: [Vivado 12-584] No ports matched 'JC[2]'. [C:/Users/yanmi/OneDrive/Documents/Y2S1/EE2026/Lab/SoundDisplay/SoundDisplay.srcs/constrs_1/new/Basys3_Master.xdc:188]
CRITICAL WARNING: [Common 17-55] 'set_property' expects at least one object. [C:/Users/yanmi/OneDrive/Documents/Y2S1/EE2026/Lab/SoundDisplay/SoundDisplay.srcs/constrs_1/new/Basys3_Master.xdc:188]
Resolution: If [get_<value>] was used to populate the object, check to make sure this command returns at least one valid object.
WARNING: [Vivado 12-584] No ports matched 'JC[2]'. [C:/Users/yanmi/OneDrive/Documents/Y2S1/EE2026/Lab/SoundDisplay/SoundDisplay.srcs/constrs_1/new/Basys3_Master.xdc:189]
CRITICAL WARNING: [Common 17-55] 'set_property' expects at least one object. [C:/Users/yanmi/OneDrive/Documents/Y2S1/EE2026/Lab/SoundDisplay/SoundDisplay.srcs/constrs_1/new/Basys3_Master.xdc:189]
Resolution: If [get_<value>] was used to populate the object, check to make sure this command returns at least one valid object.
WARNING: [Vivado 12-584] No ports matched 'JC[3]'. [C:/Users/yanmi/OneDrive/Documents/Y2S1/EE2026/Lab/SoundDisplay/SoundDisplay.srcs/constrs_1/new/Basys3_Master.xdc:191]
CRITICAL WARNING: [Common 17-55] 'set_property' expects at least one object. [C:/Users/yanmi/OneDrive/Documents/Y2S1/EE2026/Lab/SoundDisplay/SoundDisplay.srcs/constrs_1/new/Basys3_Master.xdc:191]
Resolution: If [get_<value>] was used to populate the object, check to make sure this command returns at least one valid object.
WARNING: [Vivado 12-584] No ports matched 'JC[3]'. [C:/Users/yanmi/OneDrive/Documents/Y2S1/EE2026/Lab/SoundDisplay/SoundDisplay.srcs/constrs_1/new/Basys3_Master.xdc:192]
CRITICAL WARNING: [Common 17-55] 'set_property' expects at least one object. [C:/Users/yanmi/OneDrive/Documents/Y2S1/EE2026/Lab/SoundDisplay/SoundDisplay.srcs/constrs_1/new/Basys3_Master.xdc:192]
Resolution: If [get_<value>] was used to populate the object, check to make sure this command returns at least one valid object.
WARNING: [Vivado 12-584] No ports matched 'JC[4]'. [C:/Users/yanmi/OneDrive/Documents/Y2S1/EE2026/Lab/SoundDisplay/SoundDisplay.srcs/constrs_1/new/Basys3_Master.xdc:194]
CRITICAL WARNING: [Common 17-55] 'set_property' expects at least one object. [C:/Users/yanmi/OneDrive/Documents/Y2S1/EE2026/Lab/SoundDisplay/SoundDisplay.srcs/constrs_1/new/Basys3_Master.xdc:194]
Resolution: If [get_<value>] was used to populate the object, check to make sure this command returns at least one valid object.
WARNING: [Vivado 12-584] No ports matched 'JC[4]'. [C:/Users/yanmi/OneDrive/Documents/Y2S1/EE2026/Lab/SoundDisplay/SoundDisplay.srcs/constrs_1/new/Basys3_Master.xdc:195]
CRITICAL WARNING: [Common 17-55] 'set_property' expects at least one object. [C:/Users/yanmi/OneDrive/Documents/Y2S1/EE2026/Lab/SoundDisplay/SoundDisplay.srcs/constrs_1/new/Basys3_Master.xdc:195]
Resolution: If [get_<value>] was used to populate the object, check to make sure this command returns at least one valid object.
WARNING: [Vivado 12-584] No ports matched 'JC[5]'. [C:/Users/yanmi/OneDrive/Documents/Y2S1/EE2026/Lab/SoundDisplay/SoundDisplay.srcs/constrs_1/new/Basys3_Master.xdc:197]
CRITICAL WARNING: [Common 17-55] 'set_property' expects at least one object. [C:/Users/yanmi/OneDrive/Documents/Y2S1/EE2026/Lab/SoundDisplay/SoundDisplay.srcs/constrs_1/new/Basys3_Master.xdc:197]
Resolution: If [get_<value>] was used to populate the object, check to make sure this command returns at least one valid object.
WARNING: [Vivado 12-584] No ports matched 'JC[5]'. [C:/Users/yanmi/OneDrive/Documents/Y2S1/EE2026/Lab/SoundDisplay/SoundDisplay.srcs/constrs_1/new/Basys3_Master.xdc:198]
CRITICAL WARNING: [Common 17-55] 'set_property' expects at least one object. [C:/Users/yanmi/OneDrive/Documents/Y2S1/EE2026/Lab/SoundDisplay/SoundDisplay.srcs/constrs_1/new/Basys3_Master.xdc:198]
Resolution: If [get_<value>] was used to populate the object, check to make sure this command returns at least one valid object.
WARNING: [Vivado 12-584] No ports matched 'JC[6]'. [C:/Users/yanmi/OneDrive/Documents/Y2S1/EE2026/Lab/SoundDisplay/SoundDisplay.srcs/constrs_1/new/Basys3_Master.xdc:200]
CRITICAL WARNING: [Common 17-55] 'set_property' expects at least one object. [C:/Users/yanmi/OneDrive/Documents/Y2S1/EE2026/Lab/SoundDisplay/SoundDisplay.srcs/constrs_1/new/Basys3_Master.xdc:200]
Resolution: If [get_<value>] was used to populate the object, check to make sure this command returns at least one valid object.
WARNING: [Vivado 12-584] No ports matched 'JC[6]'. [C:/Users/yanmi/OneDrive/Documents/Y2S1/EE2026/Lab/SoundDisplay/SoundDisplay.srcs/constrs_1/new/Basys3_Master.xdc:201]
CRITICAL WARNING: [Common 17-55] 'set_property' expects at least one object. [C:/Users/yanmi/OneDrive/Documents/Y2S1/EE2026/Lab/SoundDisplay/SoundDisplay.srcs/constrs_1/new/Basys3_Master.xdc:201]
Resolution: If [get_<value>] was used to populate the object, check to make sure this command returns at least one valid object.
WARNING: [Vivado 12-584] No ports matched 'JC[7]'. [C:/Users/yanmi/OneDrive/Documents/Y2S1/EE2026/Lab/SoundDisplay/SoundDisplay.srcs/constrs_1/new/Basys3_Master.xdc:203]
CRITICAL WARNING: [Common 17-55] 'set_property' expects at least one object. [C:/Users/yanmi/OneDrive/Documents/Y2S1/EE2026/Lab/SoundDisplay/SoundDisplay.srcs/constrs_1/new/Basys3_Master.xdc:203]
Resolution: If [get_<value>] was used to populate the object, check to make sure this command returns at least one valid object.
WARNING: [Vivado 12-584] No ports matched 'JC[7]'. [C:/Users/yanmi/OneDrive/Documents/Y2S1/EE2026/Lab/SoundDisplay/SoundDisplay.srcs/constrs_1/new/Basys3_Master.xdc:204]
CRITICAL WARNING: [Common 17-55] 'set_property' expects at least one object. [C:/Users/yanmi/OneDrive/Documents/Y2S1/EE2026/Lab/SoundDisplay/SoundDisplay.srcs/constrs_1/new/Basys3_Master.xdc:204]
Resolution: If [get_<value>] was used to populate the object, check to make sure this command returns at least one valid object.
Finished Parsing XDC File [C:/Users/yanmi/OneDrive/Documents/Y2S1/EE2026/Lab/SoundDisplay/SoundDisplay.srcs/constrs_1/new/Basys3_Master.xdc]
Completed Processing XDC Constraints

INFO: [Opt 31-138] Pushed 0 inverter(s) to 0 load pin(s).
INFO: [Project 1-111] Unisim Transformation Summary:
No Unisim elements were transformed.

RTL Elaboration Complete:  : Time (s): cpu = 00:00:10 ; elapsed = 00:00:10 . Memory (MB): peak = 1458.602 ; gain = 514.074
8 Infos, 52 Warnings, 52 Critical Warnings and 0 Errors encountered.
synth_design completed successfully
synth_design: Time (s): cpu = 00:00:10 ; elapsed = 00:00:11 . Memory (MB): peak = 1458.602 ; gain = 514.074
update_compile_order -fileset sources_1
reset_run synth_1
launch_runs impl_1 -to_step write_bitstream -jobs 8
[Fri Sep 30 16:41:53 2022] Launched synth_1...
Run output will be captured here: C:/Users/yanmi/OneDrive/Documents/Y2S1/EE2026/Lab/SoundDisplay/SoundDisplay.runs/synth_1/runme.log
[Fri Sep 30 16:41:53 2022] Launched impl_1...
Run output will be captured here: C:/Users/yanmi/OneDrive/Documents/Y2S1/EE2026/Lab/SoundDisplay/SoundDisplay.runs/impl_1/runme.log
update_compile_order -fileset sources_1
update_compile_order -fileset sources_1
update_compile_order -fileset sources_1
reset_run synth_1
launch_runs impl_1 -to_step write_bitstream -jobs 8
[Fri Sep 30 16:45:53 2022] Launched synth_1...
Run output will be captured here: C:/Users/yanmi/OneDrive/Documents/Y2S1/EE2026/Lab/SoundDisplay/SoundDisplay.runs/synth_1/runme.log
[Fri Sep 30 16:45:53 2022] Launched impl_1...
Run output will be captured here: C:/Users/yanmi/OneDrive/Documents/Y2S1/EE2026/Lab/SoundDisplay/SoundDisplay.runs/impl_1/runme.log
open_hw
connect_hw_server
INFO: [Labtools 27-2285] Connecting to hw_server url TCP:localhost:3121
INFO: [Labtools 27-2222] Launching hw_server...
INFO: [Labtools 27-2221] Launch Output:

****** Xilinx hw_server v2018.2
  **** Build date : Jun 14 2018-20:42:52
    ** Copyright 1986-2018 Xilinx, Inc. All Rights Reserved.


open_hw_target
INFO: [Labtoolstcl 44-466] Opening hw_target localhost:3121/xilinx_tcf/Digilent/210183ACB1C8A
set_property PROGRAM.FILE {C:/Users/yanmi/OneDrive/Documents/Y2S1/EE2026/Lab/SoundDisplay/SoundDisplay.runs/impl_1/Top_Student.bit} [get_hw_devices xc7a35t_0]
current_hw_device [get_hw_devices xc7a35t_0]
refresh_hw_device -update_hw_probes false [lindex [get_hw_devices xc7a35t_0] 0]
INFO: [Labtools 27-1434] Device xc7a35t (JTAG device index = 0) is programmed with a design that has no supported debug core(s) in it.
WARNING: [Labtools 27-3361] The debug hub core was not detected.
Resolution: 
1. Make sure the clock connected to the debug hub (dbg_hub) core is a free running clock and is active.
2. Make sure the BSCAN_SWITCH_USER_MASK device property in Vivado Hardware Manager reflects the user scan chain setting in the design and refresh the device.  To determine the user scan chain setting in the design, open the implemented design and use 'get_property C_USER_SCAN_CHAIN [get_debug_cores dbg_hub]'.
For more details on setting the scan chain property, consult the Vivado Debug and Programming User Guide (UG908).
set_property PROBES.FILE {} [get_hw_devices xc7a35t_0]
set_property FULL_PROBES.FILE {} [get_hw_devices xc7a35t_0]
set_property PROGRAM.FILE {C:/Users/yanmi/OneDrive/Documents/Y2S1/EE2026/Lab/SoundDisplay/SoundDisplay.runs/impl_1/Top_Student.bit} [get_hw_devices xc7a35t_0]
program_hw_devices [get_hw_devices xc7a35t_0]
INFO: [Labtools 27-3164] End of startup status: HIGH
refresh_hw_device [lindex [get_hw_devices xc7a35t_0] 0]
INFO: [Labtools 27-1434] Device xc7a35t (JTAG device index = 0) is programmed with a design that has no supported debug core(s) in it.
WARNING: [Labtools 27-3361] The debug hub core was not detected.
Resolution: 
1. Make sure the clock connected to the debug hub (dbg_hub) core is a free running clock and is active.
2. Make sure the BSCAN_SWITCH_USER_MASK device property in Vivado Hardware Manager reflects the user scan chain setting in the design and refresh the device.  To determine the user scan chain setting in the design, open the implemented design and use 'get_property C_USER_SCAN_CHAIN [get_debug_cores dbg_hub]'.
For more details on setting the scan chain property, consult the Vivado Debug and Programming User Guide (UG908).
reset_run synth_1
launch_runs impl_1 -to_step write_bitstream -jobs 8
[Fri Sep 30 16:49:33 2022] Launched synth_1...
Run output will be captured here: C:/Users/yanmi/OneDrive/Documents/Y2S1/EE2026/Lab/SoundDisplay/SoundDisplay.runs/synth_1/runme.log
[Fri Sep 30 16:49:33 2022] Launched impl_1...
Run output will be captured here: C:/Users/yanmi/OneDrive/Documents/Y2S1/EE2026/Lab/SoundDisplay/SoundDisplay.runs/impl_1/runme.log
set_property PROBES.FILE {} [get_hw_devices xc7a35t_0]
set_property FULL_PROBES.FILE {} [get_hw_devices xc7a35t_0]
set_property PROGRAM.FILE {C:/Users/yanmi/OneDrive/Documents/Y2S1/EE2026/Lab/SoundDisplay/SoundDisplay.runs/impl_1/Top_Student.bit} [get_hw_devices xc7a35t_0]
program_hw_devices [get_hw_devices xc7a35t_0]
INFO: [Labtools 27-3164] End of startup status: HIGH
refresh_hw_device [lindex [get_hw_devices xc7a35t_0] 0]
INFO: [Labtools 27-1434] Device xc7a35t (JTAG device index = 0) is programmed with a design that has no supported debug core(s) in it.
WARNING: [Labtools 27-3361] The debug hub core was not detected.
Resolution: 
1. Make sure the clock connected to the debug hub (dbg_hub) core is a free running clock and is active.
2. Make sure the BSCAN_SWITCH_USER_MASK device property in Vivado Hardware Manager reflects the user scan chain setting in the design and refresh the device.  To determine the user scan chain setting in the design, open the implemented design and use 'get_property C_USER_SCAN_CHAIN [get_debug_cores dbg_hub]'.
For more details on setting the scan chain property, consult the Vivado Debug and Programming User Guide (UG908).
close_hw
reset_run synth_1
launch_runs impl_1 -to_step write_bitstream -jobs 8
[Fri Sep 30 16:54:37 2022] Launched synth_1...
Run output will be captured here: C:/Users/yanmi/OneDrive/Documents/Y2S1/EE2026/Lab/SoundDisplay/SoundDisplay.runs/synth_1/runme.log
[Fri Sep 30 16:54:37 2022] Launched impl_1...
Run output will be captured here: C:/Users/yanmi/OneDrive/Documents/Y2S1/EE2026/Lab/SoundDisplay/SoundDisplay.runs/impl_1/runme.log
reset_run impl_1
reset_run synth_1
launch_runs impl_1 -to_step write_bitstream -jobs 8
[Fri Sep 30 16:55:24 2022] Launched synth_1...
Run output will be captured here: C:/Users/yanmi/OneDrive/Documents/Y2S1/EE2026/Lab/SoundDisplay/SoundDisplay.runs/synth_1/runme.log
[Fri Sep 30 16:55:24 2022] Launched impl_1...
Run output will be captured here: C:/Users/yanmi/OneDrive/Documents/Y2S1/EE2026/Lab/SoundDisplay/SoundDisplay.runs/impl_1/runme.log
open_hw
connect_hw_server
INFO: [Labtools 27-2285] Connecting to hw_server url TCP:localhost:3121
INFO: [Labtools 27-2222] Launching hw_server...
INFO: [Labtools 27-2221] Launch Output:

****** Xilinx hw_server v2018.2
  **** Build date : Jun 14 2018-20:42:52
    ** Copyright 1986-2018 Xilinx, Inc. All Rights Reserved.


open_hw_target
INFO: [Labtoolstcl 44-466] Opening hw_target localhost:3121/xilinx_tcf/Digilent/210183ACB1C8A
set_property PROGRAM.FILE {C:/Users/yanmi/OneDrive/Documents/Y2S1/EE2026/Lab/SoundDisplay/SoundDisplay.runs/impl_1/Top_Student.bit} [get_hw_devices xc7a35t_0]
current_hw_device [get_hw_devices xc7a35t_0]
refresh_hw_device -update_hw_probes false [lindex [get_hw_devices xc7a35t_0] 0]
INFO: [Labtools 27-1434] Device xc7a35t (JTAG device index = 0) is programmed with a design that has no supported debug core(s) in it.
WARNING: [Labtools 27-3361] The debug hub core was not detected.
Resolution: 
1. Make sure the clock connected to the debug hub (dbg_hub) core is a free running clock and is active.
2. Make sure the BSCAN_SWITCH_USER_MASK device property in Vivado Hardware Manager reflects the user scan chain setting in the design and refresh the device.  To determine the user scan chain setting in the design, open the implemented design and use 'get_property C_USER_SCAN_CHAIN [get_debug_cores dbg_hub]'.
For more details on setting the scan chain property, consult the Vivado Debug and Programming User Guide (UG908).
set_property PROBES.FILE {} [get_hw_devices xc7a35t_0]
set_property FULL_PROBES.FILE {} [get_hw_devices xc7a35t_0]
set_property PROGRAM.FILE {C:/Users/yanmi/OneDrive/Documents/Y2S1/EE2026/Lab/SoundDisplay/SoundDisplay.runs/impl_1/Top_Student.bit} [get_hw_devices xc7a35t_0]
program_hw_devices [get_hw_devices xc7a35t_0]
INFO: [Labtools 27-3164] End of startup status: HIGH
refresh_hw_device [lindex [get_hw_devices xc7a35t_0] 0]
INFO: [Labtools 27-1434] Device xc7a35t (JTAG device index = 0) is programmed with a design that has no supported debug core(s) in it.
WARNING: [Labtools 27-3361] The debug hub core was not detected.
Resolution: 
1. Make sure the clock connected to the debug hub (dbg_hub) core is a free running clock and is active.
2. Make sure the BSCAN_SWITCH_USER_MASK device property in Vivado Hardware Manager reflects the user scan chain setting in the design and refresh the device.  To determine the user scan chain setting in the design, open the implemented design and use 'get_property C_USER_SCAN_CHAIN [get_debug_cores dbg_hub]'.
For more details on setting the scan chain property, consult the Vivado Debug and Programming User Guide (UG908).
exit
INFO: [Common 17-206] Exiting Vivado at Fri Sep 30 16:58:35 2022...
