#-----------------------------------------------------------
# Vivado v2018.2 (64-bit)
# SW Build 2258646 on Thu Jun 14 20:03:12 MDT 2018
# IP Build 2256618 on Thu Jun 14 22:10:49 MDT 2018
# Start of session at: Wed Oct  5 18:57:26 2022
# Process ID: 22068
# Current directory: C:/Users/princ/OneDrive - National University of Singapore/School stuff/year2sem1/EE2026/project/EE2026_Y2S1_Team9_2
# Command line: vivado.exe -gui_launcher_event rodinguilauncherevent17840 C:\Users\princ\OneDrive - National University of Singapore\School stuff\year2sem1\EE2026\project\EE2026_Y2S1_Team9_2\SoundDisplay.xpr
# Log file: C:/Users/princ/OneDrive - National University of Singapore/School stuff/year2sem1/EE2026/project/EE2026_Y2S1_Team9_2/vivado.log
# Journal file: C:/Users/princ/OneDrive - National University of Singapore/School stuff/year2sem1/EE2026/project/EE2026_Y2S1_Team9_2\vivado.jou
#-----------------------------------------------------------
start_gui
open_project {C:/Users/princ/OneDrive - National University of Singapore/School stuff/year2sem1/EE2026/project/EE2026_Y2S1_Team9_2/SoundDisplay.xpr}
INFO: [ProjectBase 1-489] The host OS only allows 260 characters in a normal path. The project is stored in a path with more than 80 characters. If you experience issues with IP, Block Designs, or files not being found, please consider moving the project to a location with a shorter path. Alternately consider using the OS subst command to map part of the path to a drive letter.
Current project path is 'C:/Users/princ/OneDrive - National University of Singapore/School stuff/year2sem1/EE2026/project/EE2026_Y2S1_Team9_2'
Scanning sources...
Finished scanning sources
INFO: [IP_Flow 19-234] Refreshing IP repositories
INFO: [IP_Flow 19-1704] No user IP repositories specified
INFO: [IP_Flow 19-2313] Loaded Vivado IP repository 'C:/Xilinx/Vivado/2018.2/data/ip'.
update_compile_order -fileset sources_1
add_files -norecurse {{C:/Users/princ/OneDrive - National University of Singapore/School stuff/year2sem1/EE2026/project/EE2026_Y2S1_Team9_2/SoundDisplay.srcs/sources_1/new/OTA.v} {C:/Users/princ/OneDrive - National University of Singapore/School stuff/year2sem1/EE2026/project/EE2026_Y2S1_Team9_2/SoundDisplay.srcs/sources_1/new/D_FF.v} {C:/Users/princ/OneDrive - National University of Singapore/School stuff/year2sem1/EE2026/project/EE2026_Y2S1_Team9_2/SoundDisplay.srcs/sources_1/new/switch_debouncer.v}}
WARNING: [filemgmt 56-12] File 'C:/Users/princ/OneDrive - National University of Singapore/School stuff/year2sem1/EE2026/project/EE2026_Y2S1_Team9_2/SoundDisplay.srcs/sources_1/new/OTA.v' cannot be added to the project because it already exists in the project, skipping this file
update_compile_order -fileset sources_1
update_compile_order -fileset sources_1
reset_run synth_1
launch_runs impl_1 -to_step write_bitstream -jobs 16
[Wed Oct  5 19:01:07 2022] Launched synth_1...
Run output will be captured here: C:/Users/princ/OneDrive - National University of Singapore/School stuff/year2sem1/EE2026/project/EE2026_Y2S1_Team9_2/SoundDisplay.runs/synth_1/runme.log
[Wed Oct  5 19:01:07 2022] Launched impl_1...
Run output will be captured here: C:/Users/princ/OneDrive - National University of Singapore/School stuff/year2sem1/EE2026/project/EE2026_Y2S1_Team9_2/SoundDisplay.runs/impl_1/runme.log
reset_run synth_1
launch_runs impl_1 -to_step write_bitstream -jobs 16
[Wed Oct  5 19:02:31 2022] Launched synth_1...
Run output will be captured here: C:/Users/princ/OneDrive - National University of Singapore/School stuff/year2sem1/EE2026/project/EE2026_Y2S1_Team9_2/SoundDisplay.runs/synth_1/runme.log
[Wed Oct  5 19:02:31 2022] Launched impl_1...
Run output will be captured here: C:/Users/princ/OneDrive - National University of Singapore/School stuff/year2sem1/EE2026/project/EE2026_Y2S1_Team9_2/SoundDisplay.runs/impl_1/runme.log
reset_run synth_1
launch_runs impl_1 -to_step write_bitstream -jobs 16
[Wed Oct  5 19:03:00 2022] Launched synth_1...
Run output will be captured here: C:/Users/princ/OneDrive - National University of Singapore/School stuff/year2sem1/EE2026/project/EE2026_Y2S1_Team9_2/SoundDisplay.runs/synth_1/runme.log
[Wed Oct  5 19:03:00 2022] Launched impl_1...
Run output will be captured here: C:/Users/princ/OneDrive - National University of Singapore/School stuff/year2sem1/EE2026/project/EE2026_Y2S1_Team9_2/SoundDisplay.runs/impl_1/runme.log
open_hw
connect_hw_server
INFO: [Labtools 27-2285] Connecting to hw_server url TCP:localhost:3121
INFO: [Labtools 27-2222] Launching hw_server...
INFO: [Labtools 27-2221] Launch Output:

****** Xilinx hw_server v2018.2
  **** Build date : Jun 14 2018-20:42:52
    ** Copyright 1986-2018 Xilinx, Inc. All Rights Reserved.


open_hw_target
INFO: [Labtoolstcl 44-466] Opening hw_target localhost:3121/xilinx_tcf/Digilent/210183AA0D1DA
set_property PROGRAM.FILE {C:/Users/princ/OneDrive - National University of Singapore/School stuff/year2sem1/EE2026/project/EE2026_Y2S1_Team9_2/SoundDisplay.runs/impl_1/Top_Student.bit} [get_hw_devices xc7a35t_0]
current_hw_device [get_hw_devices xc7a35t_0]
refresh_hw_device -update_hw_probes false [lindex [get_hw_devices xc7a35t_0] 0]
INFO: [Labtools 27-1434] Device xc7a35t (JTAG device index = 0) is programmed with a design that has no supported debug core(s) in it.
WARNING: [Labtools 27-3361] The debug hub core was not detected.
Resolution: 
1. Make sure the clock connected to the debug hub (dbg_hub) core is a free running clock and is active.
2. Make sure the BSCAN_SWITCH_USER_MASK device property in Vivado Hardware Manager reflects the user scan chain setting in the design and refresh the device.  To determine the user scan chain setting in the design, open the implemented design and use 'get_property C_USER_SCAN_CHAIN [get_debug_cores dbg_hub]'.
For more details on setting the scan chain property, consult the Vivado Debug and Programming User Guide (UG908).
set_property PROBES.FILE {} [get_hw_devices xc7a35t_0]
set_property FULL_PROBES.FILE {} [get_hw_devices xc7a35t_0]
set_property PROGRAM.FILE {C:/Users/princ/OneDrive - National University of Singapore/School stuff/year2sem1/EE2026/project/EE2026_Y2S1_Team9_2/SoundDisplay.runs/impl_1/Top_Student.bit} [get_hw_devices xc7a35t_0]
program_hw_devices [get_hw_devices xc7a35t_0]
INFO: [Labtools 27-3164] End of startup status: HIGH
refresh_hw_device [lindex [get_hw_devices xc7a35t_0] 0]
INFO: [Labtools 27-1434] Device xc7a35t (JTAG device index = 0) is programmed with a design that has no supported debug core(s) in it.
WARNING: [Labtools 27-3361] The debug hub core was not detected.
Resolution: 
1. Make sure the clock connected to the debug hub (dbg_hub) core is a free running clock and is active.
2. Make sure the BSCAN_SWITCH_USER_MASK device property in Vivado Hardware Manager reflects the user scan chain setting in the design and refresh the device.  To determine the user scan chain setting in the design, open the implemented design and use 'get_property C_USER_SCAN_CHAIN [get_debug_cores dbg_hub]'.
For more details on setting the scan chain property, consult the Vivado Debug and Programming User Guide (UG908).
close_hw
reset_run synth_1
launch_runs impl_1 -to_step write_bitstream -jobs 16
[Wed Oct  5 19:10:02 2022] Launched synth_1...
Run output will be captured here: C:/Users/princ/OneDrive - National University of Singapore/School stuff/year2sem1/EE2026/project/EE2026_Y2S1_Team9_2/SoundDisplay.runs/synth_1/runme.log
[Wed Oct  5 19:10:02 2022] Launched impl_1...
Run output will be captured here: C:/Users/princ/OneDrive - National University of Singapore/School stuff/year2sem1/EE2026/project/EE2026_Y2S1_Team9_2/SoundDisplay.runs/impl_1/runme.log
reset_run synth_1
launch_runs impl_1 -to_step write_bitstream -jobs 16
[Wed Oct  5 19:11:04 2022] Launched synth_1...
Run output will be captured here: C:/Users/princ/OneDrive - National University of Singapore/School stuff/year2sem1/EE2026/project/EE2026_Y2S1_Team9_2/SoundDisplay.runs/synth_1/runme.log
[Wed Oct  5 19:11:04 2022] Launched impl_1...
Run output will be captured here: C:/Users/princ/OneDrive - National University of Singapore/School stuff/year2sem1/EE2026/project/EE2026_Y2S1_Team9_2/SoundDisplay.runs/impl_1/runme.log
reset_run synth_1
launch_runs impl_1 -to_step write_bitstream -jobs 16
[Wed Oct  5 19:15:06 2022] Launched synth_1...
Run output will be captured here: C:/Users/princ/OneDrive - National University of Singapore/School stuff/year2sem1/EE2026/project/EE2026_Y2S1_Team9_2/SoundDisplay.runs/synth_1/runme.log
[Wed Oct  5 19:15:06 2022] Launched impl_1...
Run output will be captured here: C:/Users/princ/OneDrive - National University of Singapore/School stuff/year2sem1/EE2026/project/EE2026_Y2S1_Team9_2/SoundDisplay.runs/impl_1/runme.log
reset_run synth_1
launch_runs impl_1 -to_step write_bitstream -jobs 16
[Wed Oct  5 19:17:09 2022] Launched synth_1...
Run output will be captured here: C:/Users/princ/OneDrive - National University of Singapore/School stuff/year2sem1/EE2026/project/EE2026_Y2S1_Team9_2/SoundDisplay.runs/synth_1/runme.log
[Wed Oct  5 19:17:09 2022] Launched impl_1...
Run output will be captured here: C:/Users/princ/OneDrive - National University of Singapore/School stuff/year2sem1/EE2026/project/EE2026_Y2S1_Team9_2/SoundDisplay.runs/impl_1/runme.log
reset_run synth_1
launch_runs impl_1 -to_step write_bitstream -jobs 16
[Wed Oct  5 19:30:18 2022] Launched synth_1...
Run output will be captured here: C:/Users/princ/OneDrive - National University of Singapore/School stuff/year2sem1/EE2026/project/EE2026_Y2S1_Team9_2/SoundDisplay.runs/synth_1/runme.log
[Wed Oct  5 19:30:18 2022] Launched impl_1...
Run output will be captured here: C:/Users/princ/OneDrive - National University of Singapore/School stuff/year2sem1/EE2026/project/EE2026_Y2S1_Team9_2/SoundDisplay.runs/impl_1/runme.log
reset_run synth_1
launch_runs impl_1 -to_step write_bitstream -jobs 16
[Wed Oct  5 19:36:57 2022] Launched synth_1...
Run output will be captured here: C:/Users/princ/OneDrive - National University of Singapore/School stuff/year2sem1/EE2026/project/EE2026_Y2S1_Team9_2/SoundDisplay.runs/synth_1/runme.log
[Wed Oct  5 19:36:57 2022] Launched impl_1...
Run output will be captured here: C:/Users/princ/OneDrive - National University of Singapore/School stuff/year2sem1/EE2026/project/EE2026_Y2S1_Team9_2/SoundDisplay.runs/impl_1/runme.log
open_hw
connect_hw_server
INFO: [Labtools 27-2285] Connecting to hw_server url TCP:localhost:3121
INFO: [Labtools 27-2222] Launching hw_server...
INFO: [Labtools 27-2221] Launch Output:

****** Xilinx hw_server v2018.2
  **** Build date : Jun 14 2018-20:42:52
    ** Copyright 1986-2018 Xilinx, Inc. All Rights Reserved.


open_hw_target
INFO: [Labtoolstcl 44-466] Opening hw_target localhost:3121/xilinx_tcf/Digilent/210183AA0D1DA
set_property PROGRAM.FILE {C:/Users/princ/OneDrive - National University of Singapore/School stuff/year2sem1/EE2026/project/EE2026_Y2S1_Team9_2/SoundDisplay.runs/impl_1/Top_Student.bit} [get_hw_devices xc7a35t_0]
current_hw_device [get_hw_devices xc7a35t_0]
refresh_hw_device -update_hw_probes false [lindex [get_hw_devices xc7a35t_0] 0]
INFO: [Labtools 27-1434] Device xc7a35t (JTAG device index = 0) is programmed with a design that has no supported debug core(s) in it.
WARNING: [Labtools 27-3361] The debug hub core was not detected.
Resolution: 
1. Make sure the clock connected to the debug hub (dbg_hub) core is a free running clock and is active.
2. Make sure the BSCAN_SWITCH_USER_MASK device property in Vivado Hardware Manager reflects the user scan chain setting in the design and refresh the device.  To determine the user scan chain setting in the design, open the implemented design and use 'get_property C_USER_SCAN_CHAIN [get_debug_cores dbg_hub]'.
For more details on setting the scan chain property, consult the Vivado Debug and Programming User Guide (UG908).
set_property PROBES.FILE {} [get_hw_devices xc7a35t_0]
set_property FULL_PROBES.FILE {} [get_hw_devices xc7a35t_0]
set_property PROGRAM.FILE {C:/Users/princ/OneDrive - National University of Singapore/School stuff/year2sem1/EE2026/project/EE2026_Y2S1_Team9_2/SoundDisplay.runs/impl_1/Top_Student.bit} [get_hw_devices xc7a35t_0]
program_hw_devices [get_hw_devices xc7a35t_0]
INFO: [Labtools 27-3164] End of startup status: HIGH
refresh_hw_device [lindex [get_hw_devices xc7a35t_0] 0]
INFO: [Labtools 27-1434] Device xc7a35t (JTAG device index = 0) is programmed with a design that has no supported debug core(s) in it.
WARNING: [Labtools 27-3361] The debug hub core was not detected.
Resolution: 
1. Make sure the clock connected to the debug hub (dbg_hub) core is a free running clock and is active.
2. Make sure the BSCAN_SWITCH_USER_MASK device property in Vivado Hardware Manager reflects the user scan chain setting in the design and refresh the device.  To determine the user scan chain setting in the design, open the implemented design and use 'get_property C_USER_SCAN_CHAIN [get_debug_cores dbg_hub]'.
For more details on setting the scan chain property, consult the Vivado Debug and Programming User Guide (UG908).
reset_run synth_1
launch_runs impl_1 -to_step write_bitstream -jobs 16
[Wed Oct  5 19:39:07 2022] Launched synth_1...
Run output will be captured here: C:/Users/princ/OneDrive - National University of Singapore/School stuff/year2sem1/EE2026/project/EE2026_Y2S1_Team9_2/SoundDisplay.runs/synth_1/runme.log
[Wed Oct  5 19:39:07 2022] Launched impl_1...
Run output will be captured here: C:/Users/princ/OneDrive - National University of Singapore/School stuff/year2sem1/EE2026/project/EE2026_Y2S1_Team9_2/SoundDisplay.runs/impl_1/runme.log
set_property PROBES.FILE {} [get_hw_devices xc7a35t_0]
set_property FULL_PROBES.FILE {} [get_hw_devices xc7a35t_0]
set_property PROGRAM.FILE {C:/Users/princ/OneDrive - National University of Singapore/School stuff/year2sem1/EE2026/project/EE2026_Y2S1_Team9_2/SoundDisplay.runs/impl_1/Top_Student.bit} [get_hw_devices xc7a35t_0]
program_hw_devices [get_hw_devices xc7a35t_0]
INFO: [Labtools 27-3164] End of startup status: HIGH
refresh_hw_device [lindex [get_hw_devices xc7a35t_0] 0]
INFO: [Labtools 27-1434] Device xc7a35t (JTAG device index = 0) is programmed with a design that has no supported debug core(s) in it.
WARNING: [Labtools 27-3361] The debug hub core was not detected.
Resolution: 
1. Make sure the clock connected to the debug hub (dbg_hub) core is a free running clock and is active.
2. Make sure the BSCAN_SWITCH_USER_MASK device property in Vivado Hardware Manager reflects the user scan chain setting in the design and refresh the device.  To determine the user scan chain setting in the design, open the implemented design and use 'get_property C_USER_SCAN_CHAIN [get_debug_cores dbg_hub]'.
For more details on setting the scan chain property, consult the Vivado Debug and Programming User Guide (UG908).
reset_run synth_1
launch_runs impl_1 -to_step write_bitstream -jobs 16
[Wed Oct  5 19:43:13 2022] Launched synth_1...
Run output will be captured here: C:/Users/princ/OneDrive - National University of Singapore/School stuff/year2sem1/EE2026/project/EE2026_Y2S1_Team9_2/SoundDisplay.runs/synth_1/runme.log
[Wed Oct  5 19:43:13 2022] Launched impl_1...
Run output will be captured here: C:/Users/princ/OneDrive - National University of Singapore/School stuff/year2sem1/EE2026/project/EE2026_Y2S1_Team9_2/SoundDisplay.runs/impl_1/runme.log
set_property PROBES.FILE {} [get_hw_devices xc7a35t_0]
set_property FULL_PROBES.FILE {} [get_hw_devices xc7a35t_0]
set_property PROGRAM.FILE {C:/Users/princ/OneDrive - National University of Singapore/School stuff/year2sem1/EE2026/project/EE2026_Y2S1_Team9_2/SoundDisplay.runs/impl_1/Top_Student.bit} [get_hw_devices xc7a35t_0]
program_hw_devices [get_hw_devices xc7a35t_0]
INFO: [Labtools 27-3164] End of startup status: HIGH
refresh_hw_device [lindex [get_hw_devices xc7a35t_0] 0]
INFO: [Labtools 27-1434] Device xc7a35t (JTAG device index = 0) is programmed with a design that has no supported debug core(s) in it.
WARNING: [Labtools 27-3361] The debug hub core was not detected.
Resolution: 
1. Make sure the clock connected to the debug hub (dbg_hub) core is a free running clock and is active.
2. Make sure the BSCAN_SWITCH_USER_MASK device property in Vivado Hardware Manager reflects the user scan chain setting in the design and refresh the device.  To determine the user scan chain setting in the design, open the implemented design and use 'get_property C_USER_SCAN_CHAIN [get_debug_cores dbg_hub]'.
For more details on setting the scan chain property, consult the Vivado Debug and Programming User Guide (UG908).
reset_run synth_1
launch_runs impl_1 -to_step write_bitstream -jobs 16
[Wed Oct  5 19:47:16 2022] Launched synth_1...
Run output will be captured here: C:/Users/princ/OneDrive - National University of Singapore/School stuff/year2sem1/EE2026/project/EE2026_Y2S1_Team9_2/SoundDisplay.runs/synth_1/runme.log
[Wed Oct  5 19:47:16 2022] Launched impl_1...
Run output will be captured here: C:/Users/princ/OneDrive - National University of Singapore/School stuff/year2sem1/EE2026/project/EE2026_Y2S1_Team9_2/SoundDisplay.runs/impl_1/runme.log
set_property PROBES.FILE {} [get_hw_devices xc7a35t_0]
set_property FULL_PROBES.FILE {} [get_hw_devices xc7a35t_0]
set_property PROGRAM.FILE {C:/Users/princ/OneDrive - National University of Singapore/School stuff/year2sem1/EE2026/project/EE2026_Y2S1_Team9_2/SoundDisplay.runs/impl_1/Top_Student.bit} [get_hw_devices xc7a35t_0]
program_hw_devices [get_hw_devices xc7a35t_0]
INFO: [Labtools 27-3164] End of startup status: HIGH
refresh_hw_device [lindex [get_hw_devices xc7a35t_0] 0]
INFO: [Labtools 27-1434] Device xc7a35t (JTAG device index = 0) is programmed with a design that has no supported debug core(s) in it.
WARNING: [Labtools 27-3361] The debug hub core was not detected.
Resolution: 
1. Make sure the clock connected to the debug hub (dbg_hub) core is a free running clock and is active.
2. Make sure the BSCAN_SWITCH_USER_MASK device property in Vivado Hardware Manager reflects the user scan chain setting in the design and refresh the device.  To determine the user scan chain setting in the design, open the implemented design and use 'get_property C_USER_SCAN_CHAIN [get_debug_cores dbg_hub]'.
For more details on setting the scan chain property, consult the Vivado Debug and Programming User Guide (UG908).
reset_run synth_1
launch_runs impl_1 -to_step write_bitstream -jobs 16
[Wed Oct  5 20:19:11 2022] Launched synth_1...
Run output will be captured here: C:/Users/princ/OneDrive - National University of Singapore/School stuff/year2sem1/EE2026/project/EE2026_Y2S1_Team9_2/SoundDisplay.runs/synth_1/runme.log
[Wed Oct  5 20:19:11 2022] Launched impl_1...
Run output will be captured here: C:/Users/princ/OneDrive - National University of Singapore/School stuff/year2sem1/EE2026/project/EE2026_Y2S1_Team9_2/SoundDisplay.runs/impl_1/runme.log
reset_run synth_1
launch_runs impl_1 -to_step write_bitstream -jobs 16
[Wed Oct  5 20:21:45 2022] Launched synth_1...
Run output will be captured here: C:/Users/princ/OneDrive - National University of Singapore/School stuff/year2sem1/EE2026/project/EE2026_Y2S1_Team9_2/SoundDisplay.runs/synth_1/runme.log
[Wed Oct  5 20:21:45 2022] Launched impl_1...
Run output will be captured here: C:/Users/princ/OneDrive - National University of Singapore/School stuff/year2sem1/EE2026/project/EE2026_Y2S1_Team9_2/SoundDisplay.runs/impl_1/runme.log
close [ open {C:/Users/princ/OneDrive - National University of Singapore/School stuff/year2sem1/EE2026/project/EE2026_Y2S1_Team9_2/SoundDisplay.srcs/sources_1/new/draw_module.v} w ]
add_files {{C:/Users/princ/OneDrive - National University of Singapore/School stuff/year2sem1/EE2026/project/EE2026_Y2S1_Team9_2/SoundDisplay.srcs/sources_1/new/draw_module.v}}
update_compile_order -fileset sources_1
update_compile_order -fileset sources_1
reset_run synth_1
launch_runs impl_1 -to_step write_bitstream -jobs 16
[Wed Oct  5 20:48:49 2022] Launched synth_1...
Run output will be captured here: C:/Users/princ/OneDrive - National University of Singapore/School stuff/year2sem1/EE2026/project/EE2026_Y2S1_Team9_2/SoundDisplay.runs/synth_1/runme.log
[Wed Oct  5 20:48:49 2022] Launched impl_1...
Run output will be captured here: C:/Users/princ/OneDrive - National University of Singapore/School stuff/year2sem1/EE2026/project/EE2026_Y2S1_Team9_2/SoundDisplay.runs/impl_1/runme.log
close_hw
reset_run synth_1
launch_runs impl_1 -to_step write_bitstream -jobs 16
[Wed Oct  5 20:50:01 2022] Launched synth_1...
Run output will be captured here: C:/Users/princ/OneDrive - National University of Singapore/School stuff/year2sem1/EE2026/project/EE2026_Y2S1_Team9_2/SoundDisplay.runs/synth_1/runme.log
[Wed Oct  5 20:50:01 2022] Launched impl_1...
Run output will be captured here: C:/Users/princ/OneDrive - National University of Singapore/School stuff/year2sem1/EE2026/project/EE2026_Y2S1_Team9_2/SoundDisplay.runs/impl_1/runme.log
reset_run synth_1
launch_runs impl_1 -to_step write_bitstream -jobs 16
[Wed Oct  5 20:50:50 2022] Launched synth_1...
Run output will be captured here: C:/Users/princ/OneDrive - National University of Singapore/School stuff/year2sem1/EE2026/project/EE2026_Y2S1_Team9_2/SoundDisplay.runs/synth_1/runme.log
[Wed Oct  5 20:50:50 2022] Launched impl_1...
Run output will be captured here: C:/Users/princ/OneDrive - National University of Singapore/School stuff/year2sem1/EE2026/project/EE2026_Y2S1_Team9_2/SoundDisplay.runs/impl_1/runme.log
open_hw
connect_hw_server
INFO: [Labtools 27-2285] Connecting to hw_server url TCP:localhost:3121
INFO: [Labtools 27-2222] Launching hw_server...
INFO: [Labtools 27-2221] Launch Output:

****** Xilinx hw_server v2018.2
  **** Build date : Jun 14 2018-20:42:52
    ** Copyright 1986-2018 Xilinx, Inc. All Rights Reserved.


open_hw_target
INFO: [Labtoolstcl 44-466] Opening hw_target localhost:3121/xilinx_tcf/Digilent/210183AA0D1DA
set_property PROGRAM.FILE {C:/Users/princ/OneDrive - National University of Singapore/School stuff/year2sem1/EE2026/project/EE2026_Y2S1_Team9_2/SoundDisplay.runs/impl_1/Top_Student.bit} [get_hw_devices xc7a35t_0]
current_hw_device [get_hw_devices xc7a35t_0]
refresh_hw_device -update_hw_probes false [lindex [get_hw_devices xc7a35t_0] 0]
INFO: [Labtools 27-1434] Device xc7a35t (JTAG device index = 0) is programmed with a design that has no supported debug core(s) in it.
WARNING: [Labtools 27-3361] The debug hub core was not detected.
Resolution: 
1. Make sure the clock connected to the debug hub (dbg_hub) core is a free running clock and is active.
2. Make sure the BSCAN_SWITCH_USER_MASK device property in Vivado Hardware Manager reflects the user scan chain setting in the design and refresh the device.  To determine the user scan chain setting in the design, open the implemented design and use 'get_property C_USER_SCAN_CHAIN [get_debug_cores dbg_hub]'.
For more details on setting the scan chain property, consult the Vivado Debug and Programming User Guide (UG908).
set_property PROBES.FILE {} [get_hw_devices xc7a35t_0]
set_property FULL_PROBES.FILE {} [get_hw_devices xc7a35t_0]
set_property PROGRAM.FILE {C:/Users/princ/OneDrive - National University of Singapore/School stuff/year2sem1/EE2026/project/EE2026_Y2S1_Team9_2/SoundDisplay.runs/impl_1/Top_Student.bit} [get_hw_devices xc7a35t_0]
program_hw_devices [get_hw_devices xc7a35t_0]
INFO: [Labtools 27-3164] End of startup status: HIGH
refresh_hw_device [lindex [get_hw_devices xc7a35t_0] 0]
INFO: [Labtools 27-1434] Device xc7a35t (JTAG device index = 0) is programmed with a design that has no supported debug core(s) in it.
WARNING: [Labtools 27-3361] The debug hub core was not detected.
Resolution: 
1. Make sure the clock connected to the debug hub (dbg_hub) core is a free running clock and is active.
2. Make sure the BSCAN_SWITCH_USER_MASK device property in Vivado Hardware Manager reflects the user scan chain setting in the design and refresh the device.  To determine the user scan chain setting in the design, open the implemented design and use 'get_property C_USER_SCAN_CHAIN [get_debug_cores dbg_hub]'.
For more details on setting the scan chain property, consult the Vivado Debug and Programming User Guide (UG908).
reset_run synth_1
launch_runs impl_1 -to_step write_bitstream -jobs 16
[Wed Oct  5 21:03:39 2022] Launched synth_1...
Run output will be captured here: C:/Users/princ/OneDrive - National University of Singapore/School stuff/year2sem1/EE2026/project/EE2026_Y2S1_Team9_2/SoundDisplay.runs/synth_1/runme.log
[Wed Oct  5 21:03:39 2022] Launched impl_1...
Run output will be captured here: C:/Users/princ/OneDrive - National University of Singapore/School stuff/year2sem1/EE2026/project/EE2026_Y2S1_Team9_2/SoundDisplay.runs/impl_1/runme.log
reset_run synth_1
launch_runs impl_1 -to_step write_bitstream -jobs 16
[Wed Oct  5 21:05:19 2022] Launched synth_1...
Run output will be captured here: C:/Users/princ/OneDrive - National University of Singapore/School stuff/year2sem1/EE2026/project/EE2026_Y2S1_Team9_2/SoundDisplay.runs/synth_1/runme.log
[Wed Oct  5 21:05:19 2022] Launched impl_1...
Run output will be captured here: C:/Users/princ/OneDrive - National University of Singapore/School stuff/year2sem1/EE2026/project/EE2026_Y2S1_Team9_2/SoundDisplay.runs/impl_1/runme.log
close_hw
reset_run synth_1
launch_runs impl_1 -to_step write_bitstream -jobs 16
[Wed Oct  5 21:08:55 2022] Launched synth_1...
Run output will be captured here: C:/Users/princ/OneDrive - National University of Singapore/School stuff/year2sem1/EE2026/project/EE2026_Y2S1_Team9_2/SoundDisplay.runs/synth_1/runme.log
[Wed Oct  5 21:08:55 2022] Launched impl_1...
Run output will be captured here: C:/Users/princ/OneDrive - National University of Singapore/School stuff/year2sem1/EE2026/project/EE2026_Y2S1_Team9_2/SoundDisplay.runs/impl_1/runme.log
open_hw
connect_hw_server
INFO: [Labtools 27-2285] Connecting to hw_server url TCP:localhost:3121
INFO: [Labtools 27-2222] Launching hw_server...
INFO: [Labtools 27-2221] Launch Output:

****** Xilinx hw_server v2018.2
  **** Build date : Jun 14 2018-20:42:52
    ** Copyright 1986-2018 Xilinx, Inc. All Rights Reserved.


open_hw_target
INFO: [Labtoolstcl 44-466] Opening hw_target localhost:3121/xilinx_tcf/Digilent/210183AA0D1DA
set_property PROGRAM.FILE {C:/Users/princ/OneDrive - National University of Singapore/School stuff/year2sem1/EE2026/project/EE2026_Y2S1_Team9_2/SoundDisplay.runs/impl_1/Top_Student.bit} [get_hw_devices xc7a35t_0]
current_hw_device [get_hw_devices xc7a35t_0]
refresh_hw_device -update_hw_probes false [lindex [get_hw_devices xc7a35t_0] 0]
INFO: [Labtools 27-1434] Device xc7a35t (JTAG device index = 0) is programmed with a design that has no supported debug core(s) in it.
WARNING: [Labtools 27-3361] The debug hub core was not detected.
Resolution: 
1. Make sure the clock connected to the debug hub (dbg_hub) core is a free running clock and is active.
2. Make sure the BSCAN_SWITCH_USER_MASK device property in Vivado Hardware Manager reflects the user scan chain setting in the design and refresh the device.  To determine the user scan chain setting in the design, open the implemented design and use 'get_property C_USER_SCAN_CHAIN [get_debug_cores dbg_hub]'.
For more details on setting the scan chain property, consult the Vivado Debug and Programming User Guide (UG908).
set_property PROBES.FILE {} [get_hw_devices xc7a35t_0]
set_property FULL_PROBES.FILE {} [get_hw_devices xc7a35t_0]
set_property PROGRAM.FILE {C:/Users/princ/OneDrive - National University of Singapore/School stuff/year2sem1/EE2026/project/EE2026_Y2S1_Team9_2/SoundDisplay.runs/impl_1/Top_Student.bit} [get_hw_devices xc7a35t_0]
program_hw_devices [get_hw_devices xc7a35t_0]
INFO: [Labtools 27-3164] End of startup status: HIGH
refresh_hw_device [lindex [get_hw_devices xc7a35t_0] 0]
INFO: [Labtools 27-1434] Device xc7a35t (JTAG device index = 0) is programmed with a design that has no supported debug core(s) in it.
WARNING: [Labtools 27-3361] The debug hub core was not detected.
Resolution: 
1. Make sure the clock connected to the debug hub (dbg_hub) core is a free running clock and is active.
2. Make sure the BSCAN_SWITCH_USER_MASK device property in Vivado Hardware Manager reflects the user scan chain setting in the design and refresh the device.  To determine the user scan chain setting in the design, open the implemented design and use 'get_property C_USER_SCAN_CHAIN [get_debug_cores dbg_hub]'.
For more details on setting the scan chain property, consult the Vivado Debug and Programming User Guide (UG908).
close_hw
reset_run synth_1
launch_runs impl_1 -to_step write_bitstream -jobs 16
[Wed Oct  5 21:17:13 2022] Launched synth_1...
Run output will be captured here: C:/Users/princ/OneDrive - National University of Singapore/School stuff/year2sem1/EE2026/project/EE2026_Y2S1_Team9_2/SoundDisplay.runs/synth_1/runme.log
[Wed Oct  5 21:17:14 2022] Launched impl_1...
Run output will be captured here: C:/Users/princ/OneDrive - National University of Singapore/School stuff/year2sem1/EE2026/project/EE2026_Y2S1_Team9_2/SoundDisplay.runs/impl_1/runme.log
open_hw
connect_hw_server
INFO: [Labtools 27-2285] Connecting to hw_server url TCP:localhost:3121
INFO: [Labtools 27-2222] Launching hw_server...
INFO: [Labtools 27-2221] Launch Output:

****** Xilinx hw_server v2018.2
  **** Build date : Jun 14 2018-20:42:52
    ** Copyright 1986-2018 Xilinx, Inc. All Rights Reserved.


open_hw_target
INFO: [Labtoolstcl 44-466] Opening hw_target localhost:3121/xilinx_tcf/Digilent/210183AA0D1DA
set_property PROGRAM.FILE {C:/Users/princ/OneDrive - National University of Singapore/School stuff/year2sem1/EE2026/project/EE2026_Y2S1_Team9_2/SoundDisplay.runs/impl_1/Top_Student.bit} [get_hw_devices xc7a35t_0]
current_hw_device [get_hw_devices xc7a35t_0]
refresh_hw_device -update_hw_probes false [lindex [get_hw_devices xc7a35t_0] 0]
INFO: [Labtools 27-1434] Device xc7a35t (JTAG device index = 0) is programmed with a design that has no supported debug core(s) in it.
WARNING: [Labtools 27-3361] The debug hub core was not detected.
Resolution: 
1. Make sure the clock connected to the debug hub (dbg_hub) core is a free running clock and is active.
2. Make sure the BSCAN_SWITCH_USER_MASK device property in Vivado Hardware Manager reflects the user scan chain setting in the design and refresh the device.  To determine the user scan chain setting in the design, open the implemented design and use 'get_property C_USER_SCAN_CHAIN [get_debug_cores dbg_hub]'.
For more details on setting the scan chain property, consult the Vivado Debug and Programming User Guide (UG908).
set_property PROBES.FILE {} [get_hw_devices xc7a35t_0]
set_property FULL_PROBES.FILE {} [get_hw_devices xc7a35t_0]
set_property PROGRAM.FILE {C:/Users/princ/OneDrive - National University of Singapore/School stuff/year2sem1/EE2026/project/EE2026_Y2S1_Team9_2/SoundDisplay.runs/impl_1/Top_Student.bit} [get_hw_devices xc7a35t_0]
program_hw_devices [get_hw_devices xc7a35t_0]
INFO: [Labtools 27-3164] End of startup status: HIGH
refresh_hw_device [lindex [get_hw_devices xc7a35t_0] 0]
INFO: [Labtools 27-1434] Device xc7a35t (JTAG device index = 0) is programmed with a design that has no supported debug core(s) in it.
WARNING: [Labtools 27-3361] The debug hub core was not detected.
Resolution: 
1. Make sure the clock connected to the debug hub (dbg_hub) core is a free running clock and is active.
2. Make sure the BSCAN_SWITCH_USER_MASK device property in Vivado Hardware Manager reflects the user scan chain setting in the design and refresh the device.  To determine the user scan chain setting in the design, open the implemented design and use 'get_property C_USER_SCAN_CHAIN [get_debug_cores dbg_hub]'.
For more details on setting the scan chain property, consult the Vivado Debug and Programming User Guide (UG908).
reset_run synth_1
launch_runs impl_1 -to_step write_bitstream -jobs 16
[Wed Oct  5 21:37:54 2022] Launched synth_1...
Run output will be captured here: C:/Users/princ/OneDrive - National University of Singapore/School stuff/year2sem1/EE2026/project/EE2026_Y2S1_Team9_2/SoundDisplay.runs/synth_1/runme.log
[Wed Oct  5 21:37:54 2022] Launched impl_1...
Run output will be captured here: C:/Users/princ/OneDrive - National University of Singapore/School stuff/year2sem1/EE2026/project/EE2026_Y2S1_Team9_2/SoundDisplay.runs/impl_1/runme.log
close_hw
reset_run synth_1
launch_runs impl_1 -to_step write_bitstream -jobs 16
[Wed Oct  5 21:38:46 2022] Launched synth_1...
Run output will be captured here: C:/Users/princ/OneDrive - National University of Singapore/School stuff/year2sem1/EE2026/project/EE2026_Y2S1_Team9_2/SoundDisplay.runs/synth_1/runme.log
[Wed Oct  5 21:38:46 2022] Launched impl_1...
Run output will be captured here: C:/Users/princ/OneDrive - National University of Singapore/School stuff/year2sem1/EE2026/project/EE2026_Y2S1_Team9_2/SoundDisplay.runs/impl_1/runme.log
reset_run synth_1
launch_runs impl_1 -to_step write_bitstream -jobs 16
[Wed Oct  5 21:44:36 2022] Launched synth_1...
Run output will be captured here: C:/Users/princ/OneDrive - National University of Singapore/School stuff/year2sem1/EE2026/project/EE2026_Y2S1_Team9_2/SoundDisplay.runs/synth_1/runme.log
[Wed Oct  5 21:44:36 2022] Launched impl_1...
Run output will be captured here: C:/Users/princ/OneDrive - National University of Singapore/School stuff/year2sem1/EE2026/project/EE2026_Y2S1_Team9_2/SoundDisplay.runs/impl_1/runme.log
reset_run synth_1
launch_runs impl_1 -to_step write_bitstream -jobs 16
[Wed Oct  5 21:45:02 2022] Launched synth_1...
Run output will be captured here: C:/Users/princ/OneDrive - National University of Singapore/School stuff/year2sem1/EE2026/project/EE2026_Y2S1_Team9_2/SoundDisplay.runs/synth_1/runme.log
[Wed Oct  5 21:45:02 2022] Launched impl_1...
Run output will be captured here: C:/Users/princ/OneDrive - National University of Singapore/School stuff/year2sem1/EE2026/project/EE2026_Y2S1_Team9_2/SoundDisplay.runs/impl_1/runme.log
reset_run synth_1
launch_runs impl_1 -to_step write_bitstream -jobs 16
[Wed Oct  5 21:48:14 2022] Launched synth_1...
Run output will be captured here: C:/Users/princ/OneDrive - National University of Singapore/School stuff/year2sem1/EE2026/project/EE2026_Y2S1_Team9_2/SoundDisplay.runs/synth_1/runme.log
[Wed Oct  5 21:48:14 2022] Launched impl_1...
Run output will be captured here: C:/Users/princ/OneDrive - National University of Singapore/School stuff/year2sem1/EE2026/project/EE2026_Y2S1_Team9_2/SoundDisplay.runs/impl_1/runme.log
reset_run synth_1
launch_runs impl_1 -to_step write_bitstream -jobs 16
[Wed Oct  5 21:49:19 2022] Launched synth_1...
Run output will be captured here: C:/Users/princ/OneDrive - National University of Singapore/School stuff/year2sem1/EE2026/project/EE2026_Y2S1_Team9_2/SoundDisplay.runs/synth_1/runme.log
[Wed Oct  5 21:49:19 2022] Launched impl_1...
Run output will be captured here: C:/Users/princ/OneDrive - National University of Singapore/School stuff/year2sem1/EE2026/project/EE2026_Y2S1_Team9_2/SoundDisplay.runs/impl_1/runme.log
reset_run synth_1
launch_runs impl_1 -to_step write_bitstream -jobs 16
[Wed Oct  5 21:50:34 2022] Launched synth_1...
Run output will be captured here: C:/Users/princ/OneDrive - National University of Singapore/School stuff/year2sem1/EE2026/project/EE2026_Y2S1_Team9_2/SoundDisplay.runs/synth_1/runme.log
[Wed Oct  5 21:50:34 2022] Launched impl_1...
Run output will be captured here: C:/Users/princ/OneDrive - National University of Singapore/School stuff/year2sem1/EE2026/project/EE2026_Y2S1_Team9_2/SoundDisplay.runs/impl_1/runme.log
exit
INFO: [Common 17-206] Exiting Vivado at Wed Oct  5 21:51:05 2022...
