#-----------------------------------------------------------
# Vivado v2018.2 (64-bit)
# SW Build 2258646 on Thu Jun 14 20:03:12 MDT 2018
# IP Build 2256618 on Thu Jun 14 22:10:49 MDT 2018
# Start of session at: Wed Oct  5 14:18:12 2022
# Process ID: 10808
# Current directory: C:/Users/princ/OneDrive - National University of Singapore/School stuff/year2sem1/EE2026/project/EE2026_Y2S1_Team9_2
# Command line: vivado.exe -gui_launcher_event rodinguilauncherevent19124 C:\Users\princ\OneDrive - National University of Singapore\School stuff\year2sem1\EE2026\project\EE2026_Y2S1_Team9_2\SoundDisplay.xpr
# Log file: C:/Users/princ/OneDrive - National University of Singapore/School stuff/year2sem1/EE2026/project/EE2026_Y2S1_Team9_2/vivado.log
# Journal file: C:/Users/princ/OneDrive - National University of Singapore/School stuff/year2sem1/EE2026/project/EE2026_Y2S1_Team9_2\vivado.jou
#-----------------------------------------------------------
start_gui
open_project {C:/Users/princ/OneDrive - National University of Singapore/School stuff/year2sem1/EE2026/project/EE2026_Y2S1_Team9_2/SoundDisplay.xpr}
INFO: [ProjectBase 1-489] The host OS only allows 260 characters in a normal path. The project is stored in a path with more than 80 characters. If you experience issues with IP, Block Designs, or files not being found, please consider moving the project to a location with a shorter path. Alternately consider using the OS subst command to map part of the path to a drive letter.
Current project path is 'C:/Users/princ/OneDrive - National University of Singapore/School stuff/year2sem1/EE2026/project/EE2026_Y2S1_Team9_2'
INFO: [Project 1-313] Project file moved from 'C:/Users/yanmi/OneDrive/Documents/Y2S1/EE2026/Lab/SoundDisplay' since last save.
Scanning sources...
Finished scanning sources
INFO: [IP_Flow 19-234] Refreshing IP repositories
INFO: [IP_Flow 19-1704] No user IP repositories specified
INFO: [IP_Flow 19-2313] Loaded Vivado IP repository 'C:/Xilinx/Vivado/2018.2/data/ip'.
open_project: Time (s): cpu = 00:00:18 ; elapsed = 00:00:10 . Memory (MB): peak = 821.672 ; gain = 113.586
update_compile_order -fileset sources_1
close [ open {C:/Users/princ/OneDrive - National University of Singapore/School stuff/year2sem1/EE2026/project/EE2026_Y2S1_Team9_2/SoundDisplay.srcs/sources_1/new/OTA.v} w ]
add_files {{C:/Users/princ/OneDrive - National University of Singapore/School stuff/year2sem1/EE2026/project/EE2026_Y2S1_Team9_2/SoundDisplay.srcs/sources_1/new/OTA.v}}
update_compile_order -fileset sources_1
exit
INFO: [Common 17-206] Exiting Vivado at Wed Oct  5 14:20:15 2022...
