#-----------------------------------------------------------
# Vivado v2018.2 (64-bit)
# SW Build 2258646 on Thu Jun 14 20:03:12 MDT 2018
# IP Build 2256618 on Thu Jun 14 22:10:49 MDT 2018
# Start of session at: Fri Oct  7 03:23:21 2022
# Process ID: 24160
# Current directory: C:/Users/princ/Desktop/ee2026 project/EE2026_Y2S1_Team9_2
# Command line: vivado.exe -gui_launcher_event rodinguilauncherevent6088 C:\Users\princ\Desktop\ee2026 project\EE2026_Y2S1_Team9_2\SoundDisplay.xpr
# Log file: C:/Users/princ/Desktop/ee2026 project/EE2026_Y2S1_Team9_2/vivado.log
# Journal file: C:/Users/princ/Desktop/ee2026 project/EE2026_Y2S1_Team9_2\vivado.jou
#-----------------------------------------------------------
start_gui
open_project {C:/Users/princ/Desktop/ee2026 project/EE2026_Y2S1_Team9_2/SoundDisplay.xpr}
Scanning sources...
Finished scanning sources
INFO: [IP_Flow 19-234] Refreshing IP repositories
INFO: [IP_Flow 19-1704] No user IP repositories specified
INFO: [IP_Flow 19-2313] Loaded Vivado IP repository 'C:/Xilinx/Vivado/2018.2/data/ip'.
update_compile_order -fileset sources_1
reset_run synth_1
launch_runs impl_1 -to_step write_bitstream -jobs 16
[Fri Oct  7 03:23:37 2022] Launched synth_1...
Run output will be captured here: C:/Users/princ/Desktop/ee2026 project/EE2026_Y2S1_Team9_2/SoundDisplay.runs/synth_1/runme.log
[Fri Oct  7 03:23:37 2022] Launched impl_1...
Run output will be captured here: C:/Users/princ/Desktop/ee2026 project/EE2026_Y2S1_Team9_2/SoundDisplay.runs/impl_1/runme.log
reset_run synth_1
launch_runs impl_1 -to_step write_bitstream -jobs 16
[Fri Oct  7 03:28:41 2022] Launched synth_1...
Run output will be captured here: C:/Users/princ/Desktop/ee2026 project/EE2026_Y2S1_Team9_2/SoundDisplay.runs/synth_1/runme.log
[Fri Oct  7 03:28:41 2022] Launched impl_1...
Run output will be captured here: C:/Users/princ/Desktop/ee2026 project/EE2026_Y2S1_Team9_2/SoundDisplay.runs/impl_1/runme.log
reset_run synth_1
launch_runs impl_1 -to_step write_bitstream -jobs 16
[Fri Oct  7 03:30:00 2022] Launched synth_1...
Run output will be captured here: C:/Users/princ/Desktop/ee2026 project/EE2026_Y2S1_Team9_2/SoundDisplay.runs/synth_1/runme.log
[Fri Oct  7 03:30:00 2022] Launched impl_1...
Run output will be captured here: C:/Users/princ/Desktop/ee2026 project/EE2026_Y2S1_Team9_2/SoundDisplay.runs/impl_1/runme.log
open_hw
connect_hw_server
INFO: [Labtools 27-2285] Connecting to hw_server url TCP:localhost:3121
INFO: [Labtools 27-2222] Launching hw_server...
INFO: [Labtools 27-2221] Launch Output:

****** Xilinx hw_server v2018.2
  **** Build date : Jun 14 2018-20:42:52
    ** Copyright 1986-2018 Xilinx, Inc. All Rights Reserved.


open_hw_target
INFO: [Labtoolstcl 44-466] Opening hw_target localhost:3121/xilinx_tcf/Digilent/210183AA0D1DA
set_property PROGRAM.FILE {C:/Users/princ/Desktop/ee2026 project/EE2026_Y2S1_Team9_2/SoundDisplay.runs/impl_1/Top_Student.bit} [get_hw_devices xc7a35t_0]
current_hw_device [get_hw_devices xc7a35t_0]
refresh_hw_device -update_hw_probes false [lindex [get_hw_devices xc7a35t_0] 0]
INFO: [Labtools 27-1434] Device xc7a35t (JTAG device index = 0) is programmed with a design that has no supported debug core(s) in it.
WARNING: [Labtools 27-3361] The debug hub core was not detected.
Resolution: 
1. Make sure the clock connected to the debug hub (dbg_hub) core is a free running clock and is active.
2. Make sure the BSCAN_SWITCH_USER_MASK device property in Vivado Hardware Manager reflects the user scan chain setting in the design and refresh the device.  To determine the user scan chain setting in the design, open the implemented design and use 'get_property C_USER_SCAN_CHAIN [get_debug_cores dbg_hub]'.
For more details on setting the scan chain property, consult the Vivado Debug and Programming User Guide (UG908).
set_property PROBES.FILE {} [get_hw_devices xc7a35t_0]
set_property FULL_PROBES.FILE {} [get_hw_devices xc7a35t_0]
set_property PROGRAM.FILE {C:/Users/princ/Desktop/ee2026 project/EE2026_Y2S1_Team9_2/SoundDisplay.runs/impl_1/Top_Student.bit} [get_hw_devices xc7a35t_0]
program_hw_devices [get_hw_devices xc7a35t_0]
INFO: [Labtools 27-3164] End of startup status: HIGH
refresh_hw_device [lindex [get_hw_devices xc7a35t_0] 0]
INFO: [Labtools 27-1434] Device xc7a35t (JTAG device index = 0) is programmed with a design that has no supported debug core(s) in it.
WARNING: [Labtools 27-3361] The debug hub core was not detected.
Resolution: 
1. Make sure the clock connected to the debug hub (dbg_hub) core is a free running clock and is active.
2. Make sure the BSCAN_SWITCH_USER_MASK device property in Vivado Hardware Manager reflects the user scan chain setting in the design and refresh the device.  To determine the user scan chain setting in the design, open the implemented design and use 'get_property C_USER_SCAN_CHAIN [get_debug_cores dbg_hub]'.
For more details on setting the scan chain property, consult the Vivado Debug and Programming User Guide (UG908).
synth_design -rtl -name rtl_1
Command: synth_design -rtl -name rtl_1
Starting synth_design
Using part: xc7a35tcpg236-1
Top: Top_Student
---------------------------------------------------------------------------------
Starting RTL Elaboration : Time (s): cpu = 00:00:03 ; elapsed = 00:00:02 . Memory (MB): peak = 1646.613 ; gain = 119.484
---------------------------------------------------------------------------------
INFO: [Synth 8-6157] synthesizing module 'Top_Student' [C:/Users/princ/Desktop/ee2026 project/EE2026_Y2S1_Team9_2/SoundDisplay.srcs/sources_1/new/Top_Student.v:18]
INFO: [Synth 8-6157] synthesizing module 'switch_debouncer' [C:/Users/princ/Desktop/ee2026 project/EE2026_Y2S1_Team9_2/SoundDisplay.srcs/sources_1/new/switch_debouncer.v:23]
INFO: [Synth 8-6157] synthesizing module 'clock_divider' [C:/Users/princ/Desktop/ee2026 project/EE2026_Y2S1_Team9_2/SoundDisplay.srcs/sources_1/new/clock_divider.v:23]
INFO: [Synth 8-6155] done synthesizing module 'clock_divider' (1#1) [C:/Users/princ/Desktop/ee2026 project/EE2026_Y2S1_Team9_2/SoundDisplay.srcs/sources_1/new/clock_divider.v:23]
INFO: [Synth 8-6157] synthesizing module 'D_FF' [C:/Users/princ/Desktop/ee2026 project/EE2026_Y2S1_Team9_2/SoundDisplay.srcs/sources_1/new/D_FF.v:23]
INFO: [Synth 8-6155] done synthesizing module 'D_FF' (2#1) [C:/Users/princ/Desktop/ee2026 project/EE2026_Y2S1_Team9_2/SoundDisplay.srcs/sources_1/new/D_FF.v:23]
WARNING: [Synth 8-350] instance 'd1' of module 'D_FF' requires 4 connections, but only 3 given [C:/Users/princ/Desktop/ee2026 project/EE2026_Y2S1_Team9_2/SoundDisplay.srcs/sources_1/new/switch_debouncer.v:33]
WARNING: [Synth 8-350] instance 'd2' of module 'D_FF' requires 4 connections, but only 3 given [C:/Users/princ/Desktop/ee2026 project/EE2026_Y2S1_Team9_2/SoundDisplay.srcs/sources_1/new/switch_debouncer.v:34]
INFO: [Synth 8-6155] done synthesizing module 'switch_debouncer' (3#1) [C:/Users/princ/Desktop/ee2026 project/EE2026_Y2S1_Team9_2/SoundDisplay.srcs/sources_1/new/switch_debouncer.v:23]
INFO: [Synth 8-6157] synthesizing module 'Audio_Capture' [C:/Users/princ/Desktop/ee2026 project/EE2026_Y2S1_Team9_2/SoundDisplay.srcs/sources_1/new/Audio_Capture.v:25]
INFO: [Synth 8-6155] done synthesizing module 'Audio_Capture' (4#1) [C:/Users/princ/Desktop/ee2026 project/EE2026_Y2S1_Team9_2/SoundDisplay.srcs/sources_1/new/Audio_Capture.v:25]
INFO: [Synth 8-6157] synthesizing module 'Oled_Display' [C:/Users/princ/Desktop/ee2026 project/EE2026_Y2S1_Team9_2/SoundDisplay.srcs/sources_1/new/Oled_Display.v:36]
	Parameter Width bound to: 96 - type: integer 
	Parameter Height bound to: 64 - type: integer 
	Parameter PixelCount bound to: 6144 - type: integer 
	Parameter PixelCountWidth bound to: 13 - type: integer 
	Parameter ClkFreq bound to: 6250000 - type: integer 
	Parameter FrameFreq bound to: 60 - type: integer 
	Parameter FrameDiv bound to: 104166 - type: integer 
	Parameter FrameDivWidth bound to: 17 - type: integer 
	Parameter PowerDelay bound to: 20 - type: integer 
	Parameter ResetDelay bound to: 3 - type: integer 
	Parameter VccEnDelay bound to: 20 - type: integer 
	Parameter StartupCompleteDelay bound to: 100 - type: integer 
	Parameter MaxDelay bound to: 100 - type: integer 
	Parameter MaxDelayCount bound to: 625000 - type: integer 
	Parameter StateCount bound to: 32 - type: integer 
	Parameter StateWidth bound to: 5 - type: integer 
	Parameter PowerUp bound to: 5'b00000 
	Parameter Reset bound to: 5'b00001 
	Parameter ReleaseReset bound to: 5'b00011 
	Parameter EnableDriver bound to: 5'b00010 
	Parameter DisplayOff bound to: 5'b00110 
	Parameter SetRemapDisplayFormat bound to: 5'b00111 
	Parameter SetStartLine bound to: 5'b00101 
	Parameter SetOffset bound to: 5'b00100 
	Parameter SetNormalDisplay bound to: 5'b01100 
	Parameter SetMultiplexRatio bound to: 5'b01101 
	Parameter SetMasterConfiguration bound to: 5'b01111 
	Parameter DisablePowerSave bound to: 5'b01110 
	Parameter SetPhaseAdjust bound to: 5'b01010 
	Parameter SetDisplayClock bound to: 5'b01011 
	Parameter SetSecondPrechargeA bound to: 5'b01001 
	Parameter SetSecondPrechargeB bound to: 5'b01000 
	Parameter SetSecondPrechargeC bound to: 5'b11000 
	Parameter SetPrechargeLevel bound to: 5'b11001 
	Parameter SetVCOMH bound to: 5'b11011 
	Parameter SetMasterCurrent bound to: 5'b11010 
	Parameter SetContrastA bound to: 5'b11110 
	Parameter SetContrastB bound to: 5'b11111 
	Parameter SetContrastC bound to: 5'b11101 
	Parameter DisableScrolling bound to: 5'b11100 
	Parameter ClearScreen bound to: 5'b10100 
	Parameter VccEn bound to: 5'b10101 
	Parameter DisplayOn bound to: 5'b10111 
	Parameter PrepareNextFrame bound to: 5'b10110 
	Parameter SetColAddress bound to: 5'b10010 
	Parameter SetRowAddress bound to: 5'b10011 
	Parameter WaitNextFrame bound to: 5'b10001 
	Parameter SendPixel bound to: 5'b10000 
	Parameter SpiCommandMaxWidth bound to: 40 - type: integer 
	Parameter SpiCommandBitCountWidth bound to: 6 - type: integer 
INFO: [Synth 8-226] default block is never used [C:/Users/princ/Desktop/ee2026 project/EE2026_Y2S1_Team9_2/SoundDisplay.srcs/sources_1/new/Oled_Display.v:124]
INFO: [Synth 8-226] default block is never used [C:/Users/princ/Desktop/ee2026 project/EE2026_Y2S1_Team9_2/SoundDisplay.srcs/sources_1/new/Oled_Display.v:201]
WARNING: [Synth 8-693] zero replication count - replication ignored [C:/Users/princ/Desktop/ee2026 project/EE2026_Y2S1_Team9_2/SoundDisplay.srcs/sources_1/new/Oled_Display.v:349]
INFO: [Synth 8-6155] done synthesizing module 'Oled_Display' (5#1) [C:/Users/princ/Desktop/ee2026 project/EE2026_Y2S1_Team9_2/SoundDisplay.srcs/sources_1/new/Oled_Display.v:36]
WARNING: [Synth 8-689] width (32) of port connection 'teststate' does not match port width (5) of module 'Oled_Display' [C:/Users/princ/Desktop/ee2026 project/EE2026_Y2S1_Team9_2/SoundDisplay.srcs/sources_1/new/Top_Student.v:58]
WARNING: [Synth 8-2900] ignoring illegal expression in output port connection [C:/Users/princ/Desktop/ee2026 project/EE2026_Y2S1_Team9_2/SoundDisplay.srcs/sources_1/new/Top_Student.v:58]
INFO: [Synth 8-6157] synthesizing module 'main_menu' [C:/Users/princ/Desktop/ee2026 project/EE2026_Y2S1_Team9_2/SoundDisplay.srcs/sources_1/new/main_menu.v:23]
INFO: [Synth 8-6155] done synthesizing module 'main_menu' (6#1) [C:/Users/princ/Desktop/ee2026 project/EE2026_Y2S1_Team9_2/SoundDisplay.srcs/sources_1/new/main_menu.v:23]
INFO: [Synth 8-6157] synthesizing module 'OTA' [C:/Users/princ/Desktop/ee2026 project/EE2026_Y2S1_Team9_2/SoundDisplay.srcs/sources_1/new/OTA.v:23]
CRITICAL WARNING: [Synth 8-5413] Mix of synchronous and asynchronous control for register counter_reg in module OTA. [C:/Users/princ/Desktop/ee2026 project/EE2026_Y2S1_Team9_2/SoundDisplay.srcs/sources_1/new/OTA.v:38]
CRITICAL WARNING: [Synth 8-5413] Mix of synchronous and asynchronous control for register led_reg in module OTA. [C:/Users/princ/Desktop/ee2026 project/EE2026_Y2S1_Team9_2/SoundDisplay.srcs/sources_1/new/OTA.v:43]
WARNING: [Synth 8-5788] Register led_reg in module OTA is has both Set and reset with same priority. This may cause simulation mismatches. Consider rewriting code  [C:/Users/princ/Desktop/ee2026 project/EE2026_Y2S1_Team9_2/SoundDisplay.srcs/sources_1/new/OTA.v:43]
INFO: [Synth 8-6155] done synthesizing module 'OTA' (7#1) [C:/Users/princ/Desktop/ee2026 project/EE2026_Y2S1_Team9_2/SoundDisplay.srcs/sources_1/new/OTA.v:23]
INFO: [Synth 8-6157] synthesizing module 'volume_level' [C:/Users/princ/Desktop/ee2026 project/EE2026_Y2S1_Team9_2/SoundDisplay.srcs/sources_1/new/volume_level.v:23]
WARNING: [Synth 8-6014] Unused sequential element maxout_reg was removed.  [C:/Users/princ/Desktop/ee2026 project/EE2026_Y2S1_Team9_2/SoundDisplay.srcs/sources_1/new/volume_level.v:37]
INFO: [Synth 8-6155] done synthesizing module 'volume_level' (8#1) [C:/Users/princ/Desktop/ee2026 project/EE2026_Y2S1_Team9_2/SoundDisplay.srcs/sources_1/new/volume_level.v:23]
INFO: [Synth 8-6157] synthesizing module 'waveform' [C:/Users/princ/Desktop/ee2026 project/EE2026_Y2S1_Team9_2/SoundDisplay.srcs/sources_1/new/waveform.v:23]
INFO: [Synth 8-6155] done synthesizing module 'waveform' (9#1) [C:/Users/princ/Desktop/ee2026 project/EE2026_Y2S1_Team9_2/SoundDisplay.srcs/sources_1/new/waveform.v:23]
WARNING: [Synth 8-4446] all outputs are unconnected for this instance and logic may be removed [C:/Users/princ/Desktop/ee2026 project/EE2026_Y2S1_Team9_2/SoundDisplay.srcs/sources_1/new/Top_Student.v:82]
INFO: [Synth 8-6157] synthesizing module 'draw_module' [C:/Users/princ/Desktop/ee2026 project/EE2026_Y2S1_Team9_2/SoundDisplay.srcs/sources_1/new/draw_module.v:23]
INFO: [Synth 8-6155] done synthesizing module 'draw_module' (10#1) [C:/Users/princ/Desktop/ee2026 project/EE2026_Y2S1_Team9_2/SoundDisplay.srcs/sources_1/new/draw_module.v:23]
WARNING: [Synth 8-689] width (16) of port connection 'waveform_y' does not match port width (6) of module 'draw_module' [C:/Users/princ/Desktop/ee2026 project/EE2026_Y2S1_Team9_2/SoundDisplay.srcs/sources_1/new/Top_Student.v:82]
WARNING: [Synth 8-350] instance 'dm1' of module 'draw_module' requires 10 connections, but only 8 given [C:/Users/princ/Desktop/ee2026 project/EE2026_Y2S1_Team9_2/SoundDisplay.srcs/sources_1/new/Top_Student.v:82]
WARNING: [Synth 8-3848] Net my_oled_data in module/entity Top_Student does not have driver. [C:/Users/princ/Desktop/ee2026 project/EE2026_Y2S1_Team9_2/SoundDisplay.srcs/sources_1/new/Top_Student.v:81]
INFO: [Synth 8-6155] done synthesizing module 'Top_Student' (11#1) [C:/Users/princ/Desktop/ee2026 project/EE2026_Y2S1_Team9_2/SoundDisplay.srcs/sources_1/new/Top_Student.v:18]
WARNING: [Synth 8-3331] design draw_module has unconnected port sw[15]
WARNING: [Synth 8-3331] design draw_module has unconnected port sw[14]
WARNING: [Synth 8-3331] design draw_module has unconnected port sw[13]
WARNING: [Synth 8-3331] design draw_module has unconnected port sw[12]
WARNING: [Synth 8-3331] design draw_module has unconnected port sw[11]
WARNING: [Synth 8-3331] design draw_module has unconnected port sw[10]
WARNING: [Synth 8-3331] design draw_module has unconnected port sw[9]
WARNING: [Synth 8-3331] design draw_module has unconnected port sw[8]
WARNING: [Synth 8-3331] design draw_module has unconnected port sw[7]
WARNING: [Synth 8-3331] design draw_module has unconnected port sw[6]
WARNING: [Synth 8-3331] design draw_module has unconnected port sw[5]
WARNING: [Synth 8-3331] design draw_module has unconnected port sw[4]
WARNING: [Synth 8-3331] design draw_module has unconnected port sw[3]
WARNING: [Synth 8-3331] design draw_module has unconnected port sw[1]
WARNING: [Synth 8-3331] design OTA has unconnected port pixel_index[12]
WARNING: [Synth 8-3331] design OTA has unconnected port pixel_index[11]
WARNING: [Synth 8-3331] design OTA has unconnected port pixel_index[10]
WARNING: [Synth 8-3331] design OTA has unconnected port pixel_index[9]
WARNING: [Synth 8-3331] design OTA has unconnected port pixel_index[8]
WARNING: [Synth 8-3331] design OTA has unconnected port pixel_index[7]
WARNING: [Synth 8-3331] design OTA has unconnected port pixel_index[6]
WARNING: [Synth 8-3331] design OTA has unconnected port pixel_index[5]
WARNING: [Synth 8-3331] design OTA has unconnected port pixel_index[4]
WARNING: [Synth 8-3331] design OTA has unconnected port pixel_index[3]
WARNING: [Synth 8-3331] design OTA has unconnected port pixel_index[2]
WARNING: [Synth 8-3331] design OTA has unconnected port pixel_index[1]
WARNING: [Synth 8-3331] design OTA has unconnected port pixel_index[0]
WARNING: [Synth 8-3331] design Top_Student has unconnected port JC[2]
WARNING: [Synth 8-3331] design Top_Student has unconnected port led[15]
WARNING: [Synth 8-3331] design Top_Student has unconnected port led[13]
WARNING: [Synth 8-3331] design Top_Student has unconnected port led[12]
WARNING: [Synth 8-3331] design Top_Student has unconnected port led[11]
WARNING: [Synth 8-3331] design Top_Student has unconnected port led[10]
WARNING: [Synth 8-3331] design Top_Student has unconnected port led[9]
WARNING: [Synth 8-3331] design Top_Student has unconnected port led[8]
WARNING: [Synth 8-3331] design Top_Student has unconnected port led[7]
WARNING: [Synth 8-3331] design Top_Student has unconnected port led[6]
WARNING: [Synth 8-3331] design Top_Student has unconnected port led[5]
---------------------------------------------------------------------------------
Finished RTL Elaboration : Time (s): cpu = 00:00:03 ; elapsed = 00:00:03 . Memory (MB): peak = 1646.613 ; gain = 119.484
---------------------------------------------------------------------------------

Report Check Netlist: 
+------+------------------+-------+---------+-------+------------------+
|      |Item              |Errors |Warnings |Status |Description       |
+------+------------------+-------+---------+-------+------------------+
|1     |multi_driven_nets |      0|        0|Passed |Multi driven nets |
+------+------------------+-------+---------+-------+------------------+
WARNING: [Synth 8-3295] tying undriven pin B:pixel_data[15] to constant 0 [C:/Users/princ/Desktop/ee2026 project/EE2026_Y2S1_Team9_2/SoundDisplay.srcs/sources_1/new/Top_Student.v:55]
WARNING: [Synth 8-3295] tying undriven pin B:pixel_data[14] to constant 0 [C:/Users/princ/Desktop/ee2026 project/EE2026_Y2S1_Team9_2/SoundDisplay.srcs/sources_1/new/Top_Student.v:55]
WARNING: [Synth 8-3295] tying undriven pin B:pixel_data[13] to constant 0 [C:/Users/princ/Desktop/ee2026 project/EE2026_Y2S1_Team9_2/SoundDisplay.srcs/sources_1/new/Top_Student.v:55]
WARNING: [Synth 8-3295] tying undriven pin B:pixel_data[12] to constant 0 [C:/Users/princ/Desktop/ee2026 project/EE2026_Y2S1_Team9_2/SoundDisplay.srcs/sources_1/new/Top_Student.v:55]
WARNING: [Synth 8-3295] tying undriven pin B:pixel_data[11] to constant 0 [C:/Users/princ/Desktop/ee2026 project/EE2026_Y2S1_Team9_2/SoundDisplay.srcs/sources_1/new/Top_Student.v:55]
WARNING: [Synth 8-3295] tying undriven pin B:pixel_data[10] to constant 0 [C:/Users/princ/Desktop/ee2026 project/EE2026_Y2S1_Team9_2/SoundDisplay.srcs/sources_1/new/Top_Student.v:55]
WARNING: [Synth 8-3295] tying undriven pin B:pixel_data[9] to constant 0 [C:/Users/princ/Desktop/ee2026 project/EE2026_Y2S1_Team9_2/SoundDisplay.srcs/sources_1/new/Top_Student.v:55]
WARNING: [Synth 8-3295] tying undriven pin B:pixel_data[8] to constant 0 [C:/Users/princ/Desktop/ee2026 project/EE2026_Y2S1_Team9_2/SoundDisplay.srcs/sources_1/new/Top_Student.v:55]
WARNING: [Synth 8-3295] tying undriven pin B:pixel_data[7] to constant 0 [C:/Users/princ/Desktop/ee2026 project/EE2026_Y2S1_Team9_2/SoundDisplay.srcs/sources_1/new/Top_Student.v:55]
WARNING: [Synth 8-3295] tying undriven pin B:pixel_data[6] to constant 0 [C:/Users/princ/Desktop/ee2026 project/EE2026_Y2S1_Team9_2/SoundDisplay.srcs/sources_1/new/Top_Student.v:55]
WARNING: [Synth 8-3295] tying undriven pin B:pixel_data[5] to constant 0 [C:/Users/princ/Desktop/ee2026 project/EE2026_Y2S1_Team9_2/SoundDisplay.srcs/sources_1/new/Top_Student.v:55]
WARNING: [Synth 8-3295] tying undriven pin B:pixel_data[4] to constant 0 [C:/Users/princ/Desktop/ee2026 project/EE2026_Y2S1_Team9_2/SoundDisplay.srcs/sources_1/new/Top_Student.v:55]
WARNING: [Synth 8-3295] tying undriven pin B:pixel_data[3] to constant 0 [C:/Users/princ/Desktop/ee2026 project/EE2026_Y2S1_Team9_2/SoundDisplay.srcs/sources_1/new/Top_Student.v:55]
WARNING: [Synth 8-3295] tying undriven pin B:pixel_data[2] to constant 0 [C:/Users/princ/Desktop/ee2026 project/EE2026_Y2S1_Team9_2/SoundDisplay.srcs/sources_1/new/Top_Student.v:55]
WARNING: [Synth 8-3295] tying undriven pin B:pixel_data[1] to constant 0 [C:/Users/princ/Desktop/ee2026 project/EE2026_Y2S1_Team9_2/SoundDisplay.srcs/sources_1/new/Top_Student.v:55]
WARNING: [Synth 8-3295] tying undriven pin B:pixel_data[0] to constant 0 [C:/Users/princ/Desktop/ee2026 project/EE2026_Y2S1_Team9_2/SoundDisplay.srcs/sources_1/new/Top_Student.v:55]
WARNING: [Synth 8-3295] tying undriven pin dm1:waveform_y[5] to constant 0 [C:/Users/princ/Desktop/ee2026 project/EE2026_Y2S1_Team9_2/SoundDisplay.srcs/sources_1/new/Top_Student.v:82]
WARNING: [Synth 8-3295] tying undriven pin dm1:waveform_y[4] to constant 0 [C:/Users/princ/Desktop/ee2026 project/EE2026_Y2S1_Team9_2/SoundDisplay.srcs/sources_1/new/Top_Student.v:82]
WARNING: [Synth 8-3295] tying undriven pin dm1:waveform_y[3] to constant 0 [C:/Users/princ/Desktop/ee2026 project/EE2026_Y2S1_Team9_2/SoundDisplay.srcs/sources_1/new/Top_Student.v:82]
WARNING: [Synth 8-3295] tying undriven pin dm1:waveform_y[2] to constant 0 [C:/Users/princ/Desktop/ee2026 project/EE2026_Y2S1_Team9_2/SoundDisplay.srcs/sources_1/new/Top_Student.v:82]
WARNING: [Synth 8-3295] tying undriven pin dm1:waveform_y[1] to constant 0 [C:/Users/princ/Desktop/ee2026 project/EE2026_Y2S1_Team9_2/SoundDisplay.srcs/sources_1/new/Top_Student.v:82]
WARNING: [Synth 8-3295] tying undriven pin dm1:waveform_y[0] to constant 0 [C:/Users/princ/Desktop/ee2026 project/EE2026_Y2S1_Team9_2/SoundDisplay.srcs/sources_1/new/Top_Student.v:82]
WARNING: [Synth 8-3295] tying undriven pin dm1:waveform_x[6] to constant 0 [C:/Users/princ/Desktop/ee2026 project/EE2026_Y2S1_Team9_2/SoundDisplay.srcs/sources_1/new/Top_Student.v:82]
WARNING: [Synth 8-3295] tying undriven pin dm1:waveform_x[5] to constant 0 [C:/Users/princ/Desktop/ee2026 project/EE2026_Y2S1_Team9_2/SoundDisplay.srcs/sources_1/new/Top_Student.v:82]
WARNING: [Synth 8-3295] tying undriven pin dm1:waveform_x[4] to constant 0 [C:/Users/princ/Desktop/ee2026 project/EE2026_Y2S1_Team9_2/SoundDisplay.srcs/sources_1/new/Top_Student.v:82]
WARNING: [Synth 8-3295] tying undriven pin dm1:waveform_x[3] to constant 0 [C:/Users/princ/Desktop/ee2026 project/EE2026_Y2S1_Team9_2/SoundDisplay.srcs/sources_1/new/Top_Student.v:82]
WARNING: [Synth 8-3295] tying undriven pin dm1:waveform_x[2] to constant 0 [C:/Users/princ/Desktop/ee2026 project/EE2026_Y2S1_Team9_2/SoundDisplay.srcs/sources_1/new/Top_Student.v:82]
WARNING: [Synth 8-3295] tying undriven pin dm1:waveform_x[1] to constant 0 [C:/Users/princ/Desktop/ee2026 project/EE2026_Y2S1_Team9_2/SoundDisplay.srcs/sources_1/new/Top_Student.v:82]
WARNING: [Synth 8-3295] tying undriven pin dm1:waveform_x[0] to constant 0 [C:/Users/princ/Desktop/ee2026 project/EE2026_Y2S1_Team9_2/SoundDisplay.srcs/sources_1/new/Top_Student.v:82]
---------------------------------------------------------------------------------
Start Handling Custom Attributes
---------------------------------------------------------------------------------
---------------------------------------------------------------------------------
Finished Handling Custom Attributes : Time (s): cpu = 00:00:03 ; elapsed = 00:00:03 . Memory (MB): peak = 1646.613 ; gain = 119.484
---------------------------------------------------------------------------------
---------------------------------------------------------------------------------
Finished RTL Optimization Phase 1 : Time (s): cpu = 00:00:03 ; elapsed = 00:00:03 . Memory (MB): peak = 1646.613 ; gain = 119.484
---------------------------------------------------------------------------------
INFO: [Device 21-403] Loading part xc7a35tcpg236-1
INFO: [Project 1-570] Preparing netlist for logic optimization

Processing XDC Constraints
Initializing timing engine
Parsing XDC File [C:/Users/princ/Desktop/ee2026 project/EE2026_Y2S1_Team9_2/SoundDisplay.srcs/constrs_1/new/Basys3_Master.xdc]
Finished Parsing XDC File [C:/Users/princ/Desktop/ee2026 project/EE2026_Y2S1_Team9_2/SoundDisplay.srcs/constrs_1/new/Basys3_Master.xdc]
Completed Processing XDC Constraints

INFO: [Opt 31-138] Pushed 0 inverter(s) to 0 load pin(s).
INFO: [Project 1-111] Unisim Transformation Summary:
No Unisim elements were transformed.

RTL Elaboration Complete:  : Time (s): cpu = 00:00:17 ; elapsed = 00:00:14 . Memory (MB): peak = 2042.520 ; gain = 515.391
28 Infos, 78 Warnings, 2 Critical Warnings and 0 Errors encountered.
synth_design completed successfully
synth_design: Time (s): cpu = 00:00:17 ; elapsed = 00:00:14 . Memory (MB): peak = 2042.520 ; gain = 515.391
reset_run synth_1
launch_runs impl_1 -to_step write_bitstream -jobs 16
[Fri Oct  7 03:35:17 2022] Launched synth_1...
Run output will be captured here: C:/Users/princ/Desktop/ee2026 project/EE2026_Y2S1_Team9_2/SoundDisplay.runs/synth_1/runme.log
[Fri Oct  7 03:35:17 2022] Launched impl_1...
Run output will be captured here: C:/Users/princ/Desktop/ee2026 project/EE2026_Y2S1_Team9_2/SoundDisplay.runs/impl_1/runme.log
reset_run synth_1
launch_runs impl_1 -to_step write_bitstream -jobs 16
[Fri Oct  7 03:35:50 2022] Launched synth_1...
Run output will be captured here: C:/Users/princ/Desktop/ee2026 project/EE2026_Y2S1_Team9_2/SoundDisplay.runs/synth_1/runme.log
[Fri Oct  7 03:35:50 2022] Launched impl_1...
Run output will be captured here: C:/Users/princ/Desktop/ee2026 project/EE2026_Y2S1_Team9_2/SoundDisplay.runs/impl_1/runme.log
set_property PROBES.FILE {} [get_hw_devices xc7a35t_0]
set_property FULL_PROBES.FILE {} [get_hw_devices xc7a35t_0]
set_property PROGRAM.FILE {C:/Users/princ/Desktop/ee2026 project/EE2026_Y2S1_Team9_2/SoundDisplay.runs/impl_1/Top_Student.bit} [get_hw_devices xc7a35t_0]
program_hw_devices [get_hw_devices xc7a35t_0]
INFO: [Labtools 27-3164] End of startup status: HIGH
refresh_hw_device [lindex [get_hw_devices xc7a35t_0] 0]
INFO: [Labtools 27-1434] Device xc7a35t (JTAG device index = 0) is programmed with a design that has no supported debug core(s) in it.
WARNING: [Labtools 27-3361] The debug hub core was not detected.
Resolution: 
1. Make sure the clock connected to the debug hub (dbg_hub) core is a free running clock and is active.
2. Make sure the BSCAN_SWITCH_USER_MASK device property in Vivado Hardware Manager reflects the user scan chain setting in the design and refresh the device.  To determine the user scan chain setting in the design, open the implemented design and use 'get_property C_USER_SCAN_CHAIN [get_debug_cores dbg_hub]'.
For more details on setting the scan chain property, consult the Vivado Debug and Programming User Guide (UG908).
reset_run synth_1
launch_runs impl_1 -to_step write_bitstream -jobs 16
[Fri Oct  7 03:41:18 2022] Launched synth_1...
Run output will be captured here: C:/Users/princ/Desktop/ee2026 project/EE2026_Y2S1_Team9_2/SoundDisplay.runs/synth_1/runme.log
[Fri Oct  7 03:41:18 2022] Launched impl_1...
Run output will be captured here: C:/Users/princ/Desktop/ee2026 project/EE2026_Y2S1_Team9_2/SoundDisplay.runs/impl_1/runme.log
set_property PROBES.FILE {} [get_hw_devices xc7a35t_0]
set_property FULL_PROBES.FILE {} [get_hw_devices xc7a35t_0]
set_property PROGRAM.FILE {C:/Users/princ/Desktop/ee2026 project/EE2026_Y2S1_Team9_2/SoundDisplay.runs/impl_1/Top_Student.bit} [get_hw_devices xc7a35t_0]
program_hw_devices [get_hw_devices xc7a35t_0]
INFO: [Labtools 27-3164] End of startup status: HIGH
refresh_hw_device [lindex [get_hw_devices xc7a35t_0] 0]
INFO: [Labtools 27-1434] Device xc7a35t (JTAG device index = 0) is programmed with a design that has no supported debug core(s) in it.
WARNING: [Labtools 27-3361] The debug hub core was not detected.
Resolution: 
1. Make sure the clock connected to the debug hub (dbg_hub) core is a free running clock and is active.
2. Make sure the BSCAN_SWITCH_USER_MASK device property in Vivado Hardware Manager reflects the user scan chain setting in the design and refresh the device.  To determine the user scan chain setting in the design, open the implemented design and use 'get_property C_USER_SCAN_CHAIN [get_debug_cores dbg_hub]'.
For more details on setting the scan chain property, consult the Vivado Debug and Programming User Guide (UG908).
reset_run synth_1
launch_runs impl_1 -to_step write_bitstream -jobs 16
[Fri Oct  7 03:52:29 2022] Launched synth_1...
Run output will be captured here: C:/Users/princ/Desktop/ee2026 project/EE2026_Y2S1_Team9_2/SoundDisplay.runs/synth_1/runme.log
[Fri Oct  7 03:52:29 2022] Launched impl_1...
Run output will be captured here: C:/Users/princ/Desktop/ee2026 project/EE2026_Y2S1_Team9_2/SoundDisplay.runs/impl_1/runme.log
set_property PROBES.FILE {} [get_hw_devices xc7a35t_0]
set_property FULL_PROBES.FILE {} [get_hw_devices xc7a35t_0]
set_property PROGRAM.FILE {C:/Users/princ/Desktop/ee2026 project/EE2026_Y2S1_Team9_2/SoundDisplay.runs/impl_1/Top_Student.bit} [get_hw_devices xc7a35t_0]
program_hw_devices [get_hw_devices xc7a35t_0]
INFO: [Labtools 27-3164] End of startup status: HIGH
refresh_hw_device [lindex [get_hw_devices xc7a35t_0] 0]
INFO: [Labtools 27-1434] Device xc7a35t (JTAG device index = 0) is programmed with a design that has no supported debug core(s) in it.
WARNING: [Labtools 27-3361] The debug hub core was not detected.
Resolution: 
1. Make sure the clock connected to the debug hub (dbg_hub) core is a free running clock and is active.
2. Make sure the BSCAN_SWITCH_USER_MASK device property in Vivado Hardware Manager reflects the user scan chain setting in the design and refresh the device.  To determine the user scan chain setting in the design, open the implemented design and use 'get_property C_USER_SCAN_CHAIN [get_debug_cores dbg_hub]'.
For more details on setting the scan chain property, consult the Vivado Debug and Programming User Guide (UG908).
reset_run synth_1
launch_runs impl_1 -to_step write_bitstream -jobs 16
[Fri Oct  7 03:56:19 2022] Launched synth_1...
Run output will be captured here: C:/Users/princ/Desktop/ee2026 project/EE2026_Y2S1_Team9_2/SoundDisplay.runs/synth_1/runme.log
[Fri Oct  7 03:56:19 2022] Launched impl_1...
Run output will be captured here: C:/Users/princ/Desktop/ee2026 project/EE2026_Y2S1_Team9_2/SoundDisplay.runs/impl_1/runme.log
set_property PROBES.FILE {} [get_hw_devices xc7a35t_0]
set_property FULL_PROBES.FILE {} [get_hw_devices xc7a35t_0]
set_property PROGRAM.FILE {C:/Users/princ/Desktop/ee2026 project/EE2026_Y2S1_Team9_2/SoundDisplay.runs/impl_1/Top_Student.bit} [get_hw_devices xc7a35t_0]
program_hw_devices [get_hw_devices xc7a35t_0]
INFO: [Labtools 27-3164] End of startup status: HIGH
refresh_hw_device [lindex [get_hw_devices xc7a35t_0] 0]
INFO: [Labtools 27-1434] Device xc7a35t (JTAG device index = 0) is programmed with a design that has no supported debug core(s) in it.
WARNING: [Labtools 27-3361] The debug hub core was not detected.
Resolution: 
1. Make sure the clock connected to the debug hub (dbg_hub) core is a free running clock and is active.
2. Make sure the BSCAN_SWITCH_USER_MASK device property in Vivado Hardware Manager reflects the user scan chain setting in the design and refresh the device.  To determine the user scan chain setting in the design, open the implemented design and use 'get_property C_USER_SCAN_CHAIN [get_debug_cores dbg_hub]'.
For more details on setting the scan chain property, consult the Vivado Debug and Programming User Guide (UG908).
reset_run synth_1
launch_runs impl_1 -to_step write_bitstream -jobs 16
[Fri Oct  7 03:59:39 2022] Launched synth_1...
Run output will be captured here: C:/Users/princ/Desktop/ee2026 project/EE2026_Y2S1_Team9_2/SoundDisplay.runs/synth_1/runme.log
[Fri Oct  7 03:59:39 2022] Launched impl_1...
Run output will be captured here: C:/Users/princ/Desktop/ee2026 project/EE2026_Y2S1_Team9_2/SoundDisplay.runs/impl_1/runme.log
set_property PROBES.FILE {} [get_hw_devices xc7a35t_0]
set_property FULL_PROBES.FILE {} [get_hw_devices xc7a35t_0]
set_property PROGRAM.FILE {C:/Users/princ/Desktop/ee2026 project/EE2026_Y2S1_Team9_2/SoundDisplay.runs/impl_1/Top_Student.bit} [get_hw_devices xc7a35t_0]
program_hw_devices [get_hw_devices xc7a35t_0]
INFO: [Labtools 27-3164] End of startup status: HIGH
refresh_hw_device [lindex [get_hw_devices xc7a35t_0] 0]
INFO: [Labtools 27-1434] Device xc7a35t (JTAG device index = 0) is programmed with a design that has no supported debug core(s) in it.
WARNING: [Labtools 27-3361] The debug hub core was not detected.
Resolution: 
1. Make sure the clock connected to the debug hub (dbg_hub) core is a free running clock and is active.
2. Make sure the BSCAN_SWITCH_USER_MASK device property in Vivado Hardware Manager reflects the user scan chain setting in the design and refresh the device.  To determine the user scan chain setting in the design, open the implemented design and use 'get_property C_USER_SCAN_CHAIN [get_debug_cores dbg_hub]'.
For more details on setting the scan chain property, consult the Vivado Debug and Programming User Guide (UG908).
reset_run synth_1
launch_runs impl_1 -to_step write_bitstream -jobs 16
[Fri Oct  7 04:01:41 2022] Launched synth_1...
Run output will be captured here: C:/Users/princ/Desktop/ee2026 project/EE2026_Y2S1_Team9_2/SoundDisplay.runs/synth_1/runme.log
[Fri Oct  7 04:01:41 2022] Launched impl_1...
Run output will be captured here: C:/Users/princ/Desktop/ee2026 project/EE2026_Y2S1_Team9_2/SoundDisplay.runs/impl_1/runme.log
set_property PROBES.FILE {} [get_hw_devices xc7a35t_0]
set_property FULL_PROBES.FILE {} [get_hw_devices xc7a35t_0]
set_property PROGRAM.FILE {C:/Users/princ/Desktop/ee2026 project/EE2026_Y2S1_Team9_2/SoundDisplay.runs/impl_1/Top_Student.bit} [get_hw_devices xc7a35t_0]
program_hw_devices [get_hw_devices xc7a35t_0]
INFO: [Labtools 27-3164] End of startup status: HIGH
refresh_hw_device [lindex [get_hw_devices xc7a35t_0] 0]
INFO: [Labtools 27-1434] Device xc7a35t (JTAG device index = 0) is programmed with a design that has no supported debug core(s) in it.
WARNING: [Labtools 27-3361] The debug hub core was not detected.
Resolution: 
1. Make sure the clock connected to the debug hub (dbg_hub) core is a free running clock and is active.
2. Make sure the BSCAN_SWITCH_USER_MASK device property in Vivado Hardware Manager reflects the user scan chain setting in the design and refresh the device.  To determine the user scan chain setting in the design, open the implemented design and use 'get_property C_USER_SCAN_CHAIN [get_debug_cores dbg_hub]'.
For more details on setting the scan chain property, consult the Vivado Debug and Programming User Guide (UG908).
reset_run synth_1
launch_runs impl_1 -to_step write_bitstream -jobs 16
[Fri Oct  7 04:45:50 2022] Launched synth_1...
Run output will be captured here: C:/Users/princ/Desktop/ee2026 project/EE2026_Y2S1_Team9_2/SoundDisplay.runs/synth_1/runme.log
[Fri Oct  7 04:45:50 2022] Launched impl_1...
Run output will be captured here: C:/Users/princ/Desktop/ee2026 project/EE2026_Y2S1_Team9_2/SoundDisplay.runs/impl_1/runme.log
set_property PROBES.FILE {} [get_hw_devices xc7a35t_0]
set_property FULL_PROBES.FILE {} [get_hw_devices xc7a35t_0]
set_property PROGRAM.FILE {C:/Users/princ/Desktop/ee2026 project/EE2026_Y2S1_Team9_2/SoundDisplay.runs/impl_1/Top_Student.bit} [get_hw_devices xc7a35t_0]
program_hw_devices [get_hw_devices xc7a35t_0]
INFO: [Labtools 27-3164] End of startup status: HIGH
refresh_hw_device [lindex [get_hw_devices xc7a35t_0] 0]
INFO: [Labtools 27-1434] Device xc7a35t (JTAG device index = 0) is programmed with a design that has no supported debug core(s) in it.
WARNING: [Labtools 27-3361] The debug hub core was not detected.
Resolution: 
1. Make sure the clock connected to the debug hub (dbg_hub) core is a free running clock and is active.
2. Make sure the BSCAN_SWITCH_USER_MASK device property in Vivado Hardware Manager reflects the user scan chain setting in the design and refresh the device.  To determine the user scan chain setting in the design, open the implemented design and use 'get_property C_USER_SCAN_CHAIN [get_debug_cores dbg_hub]'.
For more details on setting the scan chain property, consult the Vivado Debug and Programming User Guide (UG908).
ERROR: [Labtoolstcl 44-513] HW Target shutdown. Closing target: localhost:3121/xilinx_tcf/Digilent/210183AA0D1DA
exit
INFO: [Common 17-206] Exiting Vivado at Fri Oct  7 04:52:12 2022...
