#-----------------------------------------------------------
# Vivado v2018.2 (64-bit)
# SW Build 2258646 on Thu Jun 14 20:03:12 MDT 2018
# IP Build 2256618 on Thu Jun 14 22:10:49 MDT 2018
# Start of session at: Fri Oct  7 03:22:05 2022
# Process ID: 4324
# Current directory: C:/Users/princ/Desktop/ee2026 project/EE2026_Y2S1_Team9_2
# Command line: vivado.exe -gui_launcher_event rodinguilauncherevent11100 C:\Users\princ\Desktop\ee2026 project\EE2026_Y2S1_Team9_2\SoundDisplay.xpr
# Log file: C:/Users/princ/Desktop/ee2026 project/EE2026_Y2S1_Team9_2/vivado.log
# Journal file: C:/Users/princ/Desktop/ee2026 project/EE2026_Y2S1_Team9_2\vivado.jou
#-----------------------------------------------------------
start_gui
open_project {C:/Users/princ/Desktop/ee2026 project/EE2026_Y2S1_Team9_2/SoundDisplay.xpr}
Scanning sources...
Finished scanning sources
INFO: [IP_Flow 19-234] Refreshing IP repositories
INFO: [IP_Flow 19-1704] No user IP repositories specified
INFO: [IP_Flow 19-2313] Loaded Vivado IP repository 'C:/Xilinx/Vivado/2018.2/data/ip'.
reset_run synth_1
launch_runs impl_1 -to_step write_bitstream -jobs 16
[Fri Oct  7 03:22:17 2022] Launched synth_1...
Run output will be captured here: C:/Users/princ/Desktop/ee2026 project/EE2026_Y2S1_Team9_2/SoundDisplay.runs/synth_1/runme.log
[Fri Oct  7 03:22:17 2022] Launched impl_1...
Run output will be captured here: C:/Users/princ/Desktop/ee2026 project/EE2026_Y2S1_Team9_2/SoundDisplay.runs/impl_1/runme.log
update_compile_order -fileset sources_1
reset_run synth_1
launch_runs impl_1 -to_step write_bitstream -jobs 16
[Fri Oct  7 03:22:59 2022] Launched synth_1...
Run output will be captured here: C:/Users/princ/Desktop/ee2026 project/EE2026_Y2S1_Team9_2/SoundDisplay.runs/synth_1/runme.log
[Fri Oct  7 03:22:59 2022] Launched impl_1...
Run output will be captured here: C:/Users/princ/Desktop/ee2026 project/EE2026_Y2S1_Team9_2/SoundDisplay.runs/impl_1/runme.log
synth_design -rtl -name rtl_1
Command: synth_design -rtl -name rtl_1
Starting synth_design
Using part: xc7a35tcpg236-1
Top: Top_Student
---------------------------------------------------------------------------------
Starting RTL Elaboration : Time (s): cpu = 00:00:02 ; elapsed = 00:00:01 . Memory (MB): peak = 995.957 ; gain = 100.340
---------------------------------------------------------------------------------
INFO: [Synth 8-6157] synthesizing module 'Top_Student' [C:/Users/princ/Desktop/ee2026 project/EE2026_Y2S1_Team9_2/SoundDisplay.srcs/sources_1/new/Top_Student.v:18]
INFO: [Synth 8-6157] synthesizing module 'switch_debouncer' [C:/Users/princ/Desktop/ee2026 project/EE2026_Y2S1_Team9_2/SoundDisplay.srcs/sources_1/new/switch_debouncer.v:23]
INFO: [Synth 8-6157] synthesizing module 'clock_divider' [C:/Users/princ/Desktop/ee2026 project/EE2026_Y2S1_Team9_2/SoundDisplay.srcs/sources_1/new/clock_divider.v:23]
INFO: [Synth 8-6155] done synthesizing module 'clock_divider' (1#1) [C:/Users/princ/Desktop/ee2026 project/EE2026_Y2S1_Team9_2/SoundDisplay.srcs/sources_1/new/clock_divider.v:23]
INFO: [Synth 8-6157] synthesizing module 'D_FF' [C:/Users/princ/Desktop/ee2026 project/EE2026_Y2S1_Team9_2/SoundDisplay.srcs/sources_1/new/D_FF.v:23]
INFO: [Synth 8-6155] done synthesizing module 'D_FF' (2#1) [C:/Users/princ/Desktop/ee2026 project/EE2026_Y2S1_Team9_2/SoundDisplay.srcs/sources_1/new/D_FF.v:23]
WARNING: [Synth 8-350] instance 'd1' of module 'D_FF' requires 4 connections, but only 3 given [C:/Users/princ/Desktop/ee2026 project/EE2026_Y2S1_Team9_2/SoundDisplay.srcs/sources_1/new/switch_debouncer.v:33]
WARNING: [Synth 8-350] instance 'd2' of module 'D_FF' requires 4 connections, but only 3 given [C:/Users/princ/Desktop/ee2026 project/EE2026_Y2S1_Team9_2/SoundDisplay.srcs/sources_1/new/switch_debouncer.v:34]
INFO: [Synth 8-6155] done synthesizing module 'switch_debouncer' (3#1) [C:/Users/princ/Desktop/ee2026 project/EE2026_Y2S1_Team9_2/SoundDisplay.srcs/sources_1/new/switch_debouncer.v:23]
INFO: [Synth 8-6157] synthesizing module 'Audio_Capture' [C:/Users/princ/Desktop/ee2026 project/EE2026_Y2S1_Team9_2/SoundDisplay.srcs/sources_1/new/Audio_Capture.v:25]
INFO: [Synth 8-6155] done synthesizing module 'Audio_Capture' (4#1) [C:/Users/princ/Desktop/ee2026 project/EE2026_Y2S1_Team9_2/SoundDisplay.srcs/sources_1/new/Audio_Capture.v:25]
INFO: [Synth 8-6157] synthesizing module 'Oled_Display' [C:/Users/princ/Desktop/ee2026 project/EE2026_Y2S1_Team9_2/SoundDisplay.srcs/sources_1/new/Oled_Display.v:36]
	Parameter Width bound to: 96 - type: integer 
	Parameter Height bound to: 64 - type: integer 
	Parameter PixelCount bound to: 6144 - type: integer 
	Parameter PixelCountWidth bound to: 13 - type: integer 
	Parameter ClkFreq bound to: 6250000 - type: integer 
	Parameter FrameFreq bound to: 60 - type: integer 
	Parameter FrameDiv bound to: 104166 - type: integer 
	Parameter FrameDivWidth bound to: 17 - type: integer 
	Parameter PowerDelay bound to: 20 - type: integer 
	Parameter ResetDelay bound to: 3 - type: integer 
	Parameter VccEnDelay bound to: 20 - type: integer 
	Parameter StartupCompleteDelay bound to: 100 - type: integer 
	Parameter MaxDelay bound to: 100 - type: integer 
	Parameter MaxDelayCount bound to: 625000 - type: integer 
	Parameter StateCount bound to: 32 - type: integer 
	Parameter StateWidth bound to: 5 - type: integer 
	Parameter PowerUp bound to: 5'b00000 
	Parameter Reset bound to: 5'b00001 
	Parameter ReleaseReset bound to: 5'b00011 
	Parameter EnableDriver bound to: 5'b00010 
	Parameter DisplayOff bound to: 5'b00110 
	Parameter SetRemapDisplayFormat bound to: 5'b00111 
	Parameter SetStartLine bound to: 5'b00101 
	Parameter SetOffset bound to: 5'b00100 
	Parameter SetNormalDisplay bound to: 5'b01100 
	Parameter SetMultiplexRatio bound to: 5'b01101 
	Parameter SetMasterConfiguration bound to: 5'b01111 
	Parameter DisablePowerSave bound to: 5'b01110 
	Parameter SetPhaseAdjust bound to: 5'b01010 
	Parameter SetDisplayClock bound to: 5'b01011 
	Parameter SetSecondPrechargeA bound to: 5'b01001 
	Parameter SetSecondPrechargeB bound to: 5'b01000 
	Parameter SetSecondPrechargeC bound to: 5'b11000 
	Parameter SetPrechargeLevel bound to: 5'b11001 
	Parameter SetVCOMH bound to: 5'b11011 
	Parameter SetMasterCurrent bound to: 5'b11010 
	Parameter SetContrastA bound to: 5'b11110 
	Parameter SetContrastB bound to: 5'b11111 
	Parameter SetContrastC bound to: 5'b11101 
	Parameter DisableScrolling bound to: 5'b11100 
	Parameter ClearScreen bound to: 5'b10100 
	Parameter VccEn bound to: 5'b10101 
	Parameter DisplayOn bound to: 5'b10111 
	Parameter PrepareNextFrame bound to: 5'b10110 
	Parameter SetColAddress bound to: 5'b10010 
	Parameter SetRowAddress bound to: 5'b10011 
	Parameter WaitNextFrame bound to: 5'b10001 
	Parameter SendPixel bound to: 5'b10000 
	Parameter SpiCommandMaxWidth bound to: 40 - type: integer 
	Parameter SpiCommandBitCountWidth bound to: 6 - type: integer 
INFO: [Synth 8-226] default block is never used [C:/Users/princ/Desktop/ee2026 project/EE2026_Y2S1_Team9_2/SoundDisplay.srcs/sources_1/new/Oled_Display.v:124]
INFO: [Synth 8-226] default block is never used [C:/Users/princ/Desktop/ee2026 project/EE2026_Y2S1_Team9_2/SoundDisplay.srcs/sources_1/new/Oled_Display.v:201]
WARNING: [Synth 8-693] zero replication count - replication ignored [C:/Users/princ/Desktop/ee2026 project/EE2026_Y2S1_Team9_2/SoundDisplay.srcs/sources_1/new/Oled_Display.v:349]
INFO: [Synth 8-6155] done synthesizing module 'Oled_Display' (5#1) [C:/Users/princ/Desktop/ee2026 project/EE2026_Y2S1_Team9_2/SoundDisplay.srcs/sources_1/new/Oled_Display.v:36]
WARNING: [Synth 8-689] width (32) of port connection 'teststate' does not match port width (5) of module 'Oled_Display' [C:/Users/princ/Desktop/ee2026 project/EE2026_Y2S1_Team9_2/SoundDisplay.srcs/sources_1/new/Top_Student.v:58]
WARNING: [Synth 8-2900] ignoring illegal expression in output port connection [C:/Users/princ/Desktop/ee2026 project/EE2026_Y2S1_Team9_2/SoundDisplay.srcs/sources_1/new/Top_Student.v:58]
INFO: [Synth 8-6157] synthesizing module 'main_menu' [C:/Users/princ/Desktop/ee2026 project/EE2026_Y2S1_Team9_2/SoundDisplay.srcs/sources_1/new/main_menu.v:23]
INFO: [Synth 8-6155] done synthesizing module 'main_menu' (6#1) [C:/Users/princ/Desktop/ee2026 project/EE2026_Y2S1_Team9_2/SoundDisplay.srcs/sources_1/new/main_menu.v:23]
INFO: [Synth 8-6157] synthesizing module 'OTA' [C:/Users/princ/Desktop/ee2026 project/EE2026_Y2S1_Team9_2/SoundDisplay.srcs/sources_1/new/OTA.v:23]
CRITICAL WARNING: [Synth 8-5413] Mix of synchronous and asynchronous control for register counter_reg in module OTA. [C:/Users/princ/Desktop/ee2026 project/EE2026_Y2S1_Team9_2/SoundDisplay.srcs/sources_1/new/OTA.v:39]
CRITICAL WARNING: [Synth 8-5413] Mix of synchronous and asynchronous control for register led_reg in module OTA. [C:/Users/princ/Desktop/ee2026 project/EE2026_Y2S1_Team9_2/SoundDisplay.srcs/sources_1/new/OTA.v:44]
